TpTrace Verbose: 0 : 16504, 1, 2024/02/01, 22:19:37.977, 415661847143, vstest.console.dll, Version: 17.7.1-release-23418-01 Current process architecture: X64
TpTrace Verbose: 0 : 16504, 1, 2024/02/01, 22:19:37.980, 415661874996, vstest.console.dll, Runtime location: C:\Program Files\dotnet\shared\Microsoft.NETCore.App\7.0.11
TpTrace Verbose: 0 : 16504, 1, 2024/02/01, 22:19:37.984, 415661921463, vstest.console.dll, ArtifactProcessingPostProcessModeProcessorExecutor.Initialize: ArtifactProcessingMode.Collect
TpTrace Verbose: 0 : 16504, 1, 2024/02/01, 22:19:37.985, 415661924298, vstest.console.dll, TestSessionCorrelationIdProcessorModeProcessorExecutor.Initialize: TestSessionCorrelationId '17804_d656d80d-a3d2-4560-9fca-979213502fed'
TpTrace Information: 0 : 16504, 1, 2024/02/01, 22:19:37.996, 415662040990, vstest.console.dll, FilePatternParser: The given file D:\GeekBrains\My Git\FinalAtestationGB\MyAtestation\TestProject1\bin\Debug\net7.0\fine-code-coverage\build-output\TestProject1.dll is a full path.
TpTrace Verbose: 0 : 16504, 1, 2024/02/01, 22:19:38.005, 415662124801, vstest.console.dll, TestPluginCache.DiscoverTestExtensions: finding test extensions in assemblies ends with: RuntimeProvider.dll TPluginInfo: Microsoft.VisualStudio.TestPlatform.Common.ExtensionFramework.Utilities.TestRuntimePluginInformation TExtension: Microsoft.VisualStudio.TestPlatform.ObjectModel.Host.ITestRuntimeProvider
TpTrace Verbose: 0 : 16504, 1, 2024/02/01, 22:19:38.005, 415662130490, vstest.console.dll, TestPluginCache.GetExtensionPaths: Filtered extension paths: 
TpTrace Verbose: 0 : 16504, 1, 2024/02/01, 22:19:38.005, 415662132646, vstest.console.dll, TestPluginCache.GetExtensionPaths: Added default extension paths: C:\Program Files\dotnet\sdk\7.0.401\Extensions\Microsoft.Diagnostics.NETCore.Client.dll
C:\Program Files\dotnet\sdk\7.0.401\Extensions\Microsoft.TestPlatform.Extensions.BlameDataCollector.dll
C:\Program Files\dotnet\sdk\7.0.401\Extensions\Microsoft.TestPlatform.Extensions.EventLogCollector.dll
C:\Program Files\dotnet\sdk\7.0.401\Extensions\Microsoft.TestPlatform.TestHostRuntimeProvider.dll
C:\Program Files\dotnet\sdk\7.0.401\Extensions\Microsoft.VisualStudio.TestPlatform.Extensions.Html.TestLogger.dll
C:\Program Files\dotnet\sdk\7.0.401\Extensions\Microsoft.VisualStudio.TestPlatform.Extensions.Trx.TestLogger.dll
TpTrace Verbose: 0 : 16504, 1, 2024/02/01, 22:19:38.006, 415662134225, vstest.console.dll, TestPluginCache.GetExtensionPaths: Added unfilterableExtensionPaths: 
TpTrace Information: 0 : 16504, 1, 2024/02/01, 22:19:38.007, 415662144229, vstest.console.dll, AssemblyResolver.ctor: Creating AssemblyResolver with searchDirectories C:\Program Files\dotnet\sdk\7.0.401\Extensions,C:\Program Files\dotnet\sdk\7.0.401
TpTrace Verbose: 0 : 16504, 1, 2024/02/01, 22:19:38.008, 415662160014, vstest.console.dll, TestPluginCache.DiscoverTestExtensions: Discovering the extensions using extension path.
TpTrace Verbose: 0 : 16504, 1, 2024/02/01, 22:19:38.008, 415662162185, vstest.console.dll, TestPluginCache.GetExtensionPaths: Filtered extension paths: 
TpTrace Verbose: 0 : 16504, 1, 2024/02/01, 22:19:38.008, 415662163578, vstest.console.dll, TestPluginCache.GetExtensionPaths: Added default extension paths: C:\Program Files\dotnet\sdk\7.0.401\Extensions\Microsoft.Diagnostics.NETCore.Client.dll
C:\Program Files\dotnet\sdk\7.0.401\Extensions\Microsoft.TestPlatform.Extensions.BlameDataCollector.dll
C:\Program Files\dotnet\sdk\7.0.401\Extensions\Microsoft.TestPlatform.Extensions.EventLogCollector.dll
C:\Program Files\dotnet\sdk\7.0.401\Extensions\Microsoft.TestPlatform.TestHostRuntimeProvider.dll
C:\Program Files\dotnet\sdk\7.0.401\Extensions\Microsoft.VisualStudio.TestPlatform.Extensions.Html.TestLogger.dll
C:\Program Files\dotnet\sdk\7.0.401\Extensions\Microsoft.VisualStudio.TestPlatform.Extensions.Trx.TestLogger.dll
TpTrace Verbose: 0 : 16504, 1, 2024/02/01, 22:19:38.009, 415662164648, vstest.console.dll, TestPluginCache.GetExtensionPaths: Added unfilterableExtensionPaths: 
TpTrace Verbose: 0 : 16504, 1, 2024/02/01, 22:19:38.009, 415662167320, vstest.console.dll, TestPluginCache.DiscoverTestExtensions: Discovering the extensions using allExtensionPaths: C:\Program Files\dotnet\sdk\7.0.401\Extensions\Microsoft.Diagnostics.NETCore.Client.dll
C:\Program Files\dotnet\sdk\7.0.401\Extensions\Microsoft.TestPlatform.Extensions.BlameDataCollector.dll
C:\Program Files\dotnet\sdk\7.0.401\Extensions\Microsoft.TestPlatform.Extensions.EventLogCollector.dll
C:\Program Files\dotnet\sdk\7.0.401\Extensions\Microsoft.TestPlatform.TestHostRuntimeProvider.dll
C:\Program Files\dotnet\sdk\7.0.401\Extensions\Microsoft.VisualStudio.TestPlatform.Extensions.Html.TestLogger.dll
C:\Program Files\dotnet\sdk\7.0.401\Extensions\Microsoft.VisualStudio.TestPlatform.Extensions.Trx.TestLogger.dll
TpTrace Information: 0 : 16504, 1, 2024/02/01, 22:19:38.009, 415662170417, vstest.console.dll, AssemblyResolver.AddSearchDirectories: Adding more searchDirectories C:\Program Files\dotnet\sdk\7.0.401\Extensions,C:\Program Files\dotnet\sdk\7.0.401
TpTrace Information: 0 : 16504, 1, 2024/02/01, 22:19:38.009, 415662172019, vstest.console.dll, AssemblyResolver.AddSearchDirectories: Adding more searchDirectories C:\Program Files\dotnet\sdk\7.0.401\Extensions,C:\Program Files\dotnet\sdk\7.0.401
TpTrace Information: 0 : 16504, 1, 2024/02/01, 22:19:38.009, 415662173136, vstest.console.dll, AssemblyResolver.AddSearchDirectories: Adding more searchDirectories C:\Program Files\dotnet\sdk\7.0.401\Extensions,C:\Program Files\dotnet\sdk\7.0.401
TpTrace Information: 0 : 16504, 1, 2024/02/01, 22:19:38.010, 415662174189, vstest.console.dll, AssemblyResolver.AddSearchDirectories: Adding more searchDirectories C:\Program Files\dotnet\sdk\7.0.401\Extensions,C:\Program Files\dotnet\sdk\7.0.401
TpTrace Information: 0 : 16504, 1, 2024/02/01, 22:19:38.010, 415662175295, vstest.console.dll, AssemblyResolver.AddSearchDirectories: Adding more searchDirectories C:\Program Files\dotnet\sdk\7.0.401\Extensions,C:\Program Files\dotnet\sdk\7.0.401
TpTrace Information: 0 : 16504, 1, 2024/02/01, 22:19:38.010, 415662176343, vstest.console.dll, AssemblyResolver.AddSearchDirectories: Adding more searchDirectories C:\Program Files\dotnet\sdk\7.0.401\Extensions,C:\Program Files\dotnet\sdk\7.0.401
TpTrace Information: 0 : 16504, 1, 2024/02/01, 22:19:38.010, 415662182551, vstest.console.dll, AssemblyResolver.OnResolve: Microsoft.Diagnostics.NETCore.Client: Resolving assembly.
TpTrace Information: 0 : 16504, 1, 2024/02/01, 22:19:38.011, 415662184293, vstest.console.dll, AssemblyResolver.OnResolve: Microsoft.Diagnostics.NETCore.Client: Searching in: 'C:\Program Files\dotnet\sdk\7.0.401\Extensions'.
TpTrace Information: 0 : 16504, 1, 2024/02/01, 22:19:38.021, 415662284990, vstest.console.dll, AssemblyResolver.OnResolve: Microsoft.Diagnostics.NETCore.Client: Loading assembly 'C:\Program Files\dotnet\sdk\7.0.401\Extensions\Microsoft.Diagnostics.NETCore.Client.dll'.
TpTrace Information: 0 : 16504, 1, 2024/02/01, 22:19:38.022, 415662296632, vstest.console.dll, AssemblyResolver.OnResolve: Resolved assembly: Microsoft.Diagnostics.NETCore.Client, from path: C:\Program Files\dotnet\sdk\7.0.401\Extensions\Microsoft.Diagnostics.NETCore.Client.dll
TpTrace Verbose: 0 : 16504, 1, 2024/02/01, 22:19:38.024, 415662314183, vstest.console.dll, MetadataReaderExtensionsHelper: Discovering extensions inside assembly 'Microsoft.Diagnostics.NETCore.Client, Version=0.2.8.21101, Culture=neutral, PublicKeyToken=31bf3856ad364e35' file path 'C:\Program Files\dotnet\sdk\7.0.401\Extensions\Microsoft.Diagnostics.NETCore.Client.dll'
TpTrace Information: 0 : 16504, 1, 2024/02/01, 22:19:38.029, 415662373237, vstest.console.dll, AssemblyResolver.OnResolve: Microsoft.Bcl.AsyncInterfaces: Resolving assembly.
TpTrace Information: 0 : 16504, 1, 2024/02/01, 22:19:38.030, 415662375491, vstest.console.dll, AssemblyResolver.OnResolve: Microsoft.Bcl.AsyncInterfaces: Searching in: 'C:\Program Files\dotnet\sdk\7.0.401\Extensions'.
TpTrace Information: 0 : 16504, 1, 2024/02/01, 22:19:38.030, 415662377125, vstest.console.dll, AssemblyResolver.OnResolve: Microsoft.Bcl.AsyncInterfaces: Assembly path does not exist: 'C:\Program Files\dotnet\sdk\7.0.401\Extensions\Microsoft.Bcl.AsyncInterfaces.dll', returning.
TpTrace Information: 0 : 16504, 1, 2024/02/01, 22:19:38.030, 415662379317, vstest.console.dll, AssemblyResolver.OnResolve: Microsoft.Bcl.AsyncInterfaces: Assembly path does not exist: 'C:\Program Files\dotnet\sdk\7.0.401\Extensions\Microsoft.Bcl.AsyncInterfaces.exe', returning.
TpTrace Information: 0 : 16504, 1, 2024/02/01, 22:19:38.030, 415662380423, vstest.console.dll, AssemblyResolver.OnResolve: Microsoft.Bcl.AsyncInterfaces: Searching in: 'C:\Program Files\dotnet\sdk\7.0.401'.
TpTrace Information: 0 : 16504, 1, 2024/02/01, 22:19:38.030, 415662381889, vstest.console.dll, AssemblyResolver.OnResolve: Microsoft.Bcl.AsyncInterfaces: Assembly path does not exist: 'C:\Program Files\dotnet\sdk\7.0.401\Microsoft.Bcl.AsyncInterfaces.dll', returning.
TpTrace Information: 0 : 16504, 1, 2024/02/01, 22:19:38.030, 415662383355, vstest.console.dll, AssemblyResolver.OnResolve: Microsoft.Bcl.AsyncInterfaces: Assembly path does not exist: 'C:\Program Files\dotnet\sdk\7.0.401\Microsoft.Bcl.AsyncInterfaces.exe', returning.
TpTrace Information: 0 : 16504, 1, 2024/02/01, 22:19:38.031, 415662384481, vstest.console.dll, AssemblyResolver.OnResolve: Microsoft.Bcl.AsyncInterfaces: Failed to load assembly.
TpTrace Verbose: 0 : 16504, 1, 2024/02/01, 22:19:38.031, 415662385753, vstest.console.dll, CurrentDomainAssemblyResolve: Resolving assembly 'Microsoft.Bcl.AsyncInterfaces'.
TpTrace Information: 0 : 16504, 1, 2024/02/01, 22:19:38.031, 415662387221, vstest.console.dll, AssemblyResolver.OnResolve: Microsoft.Bcl.AsyncInterfaces: Resolving assembly.
TpTrace Information: 0 : 16504, 1, 2024/02/01, 22:19:38.031, 415662388457, vstest.console.dll, AssemblyResolver.OnResolve: Microsoft.Bcl.AsyncInterfaces: Resolved from cache.
TpTrace Verbose: 0 : 16504, 1, 2024/02/01, 22:19:38.031, 415662389491, vstest.console.dll, CurrentDomainAssemblyResolve: Resolving assembly 'Microsoft.Bcl.AsyncInterfaces'.
TpTrace Verbose: 0 : 16504, 1, 2024/02/01, 22:19:38.031, 415662390654, vstest.console.dll, CurrentDomainAssemblyResolve: Failed to resolve assembly 'Microsoft.Bcl.AsyncInterfaces'.
TpTrace Verbose: 0 : 16504, 1, 2024/02/01, 22:19:38.033, 415662406049, vstest.console.dll, CurrentDomainAssemblyResolve: Failed to resolve assembly 'Microsoft.Bcl.AsyncInterfaces'.
TpTrace Warning: 0 : 16504, 1, 2024/02/01, 22:19:38.048, 415662558963, vstest.console.dll, TestPluginDiscoverer: Failed to get types from assembly 'Microsoft.Diagnostics.NETCore.Client, Version=0.2.8.21101, Culture=neutral, PublicKeyToken=31bf3856ad364e35'. Error: System.Reflection.ReflectionTypeLoadException: Unable to load one or more of the requested types.
Could not load file or assembly 'Microsoft.Bcl.AsyncInterfaces, Version=1.0.0.0, Culture=neutral, PublicKeyToken=cc7b13ffcd2ddd51'. Не удается найти указанный файл.
   at System.Reflection.RuntimeModule.GetTypes(RuntimeModule module)
   at System.Reflection.Assembly.GetTypes()
   at Microsoft.VisualStudio.TestPlatform.Common.ExtensionFramework.TestPluginDiscoverer.GetTestExtensionsFromAssembly[TPluginInfo,TExtension](Assembly assembly, Dictionary`2 pluginInfos, String filePath) in /_/src/Microsoft.TestPlatform.Common/ExtensionFramework/TestPluginDiscoverer.cs:line 158
System.IO.FileNotFoundException: Could not load file or assembly 'Microsoft.Bcl.AsyncInterfaces, Version=1.0.0.0, Culture=neutral, PublicKeyToken=cc7b13ffcd2ddd51'. Не удается найти указанный файл.
File name: 'Microsoft.Bcl.AsyncInterfaces, Version=1.0.0.0, Culture=neutral, PublicKeyToken=cc7b13ffcd2ddd51'
 ---> System.IO.FileNotFoundException: Could not load file or assembly 'Microsoft.Bcl.AsyncInterfaces, Culture=neutral, PublicKeyToken=null'. Не удается найти указанный файл.
File name: 'Microsoft.Bcl.AsyncInterfaces, Culture=neutral, PublicKeyToken=null'
   at System.Reflection.RuntimeAssembly.InternalLoad(AssemblyName assemblyName, StackCrawlMark& stackMark, AssemblyLoadContext assemblyLoadContext, RuntimeAssembly requestingAssembly, Boolean throwOnFileNotFound)
   at System.Reflection.Assembly.Load(AssemblyName assemblyRef)
   at Microsoft.VisualStudio.TestPlatform.Common.ExtensionFramework.TestPluginCache.CurrentDomainAssemblyResolve(Object sender, AssemblyResolveEventArgs args) in /_/src/Microsoft.TestPlatform.Common/ExtensionFramework/TestPluginCache.cs:line 513
   at System.Runtime.Loader.AssemblyLoadContext.GetFirstResolvedAssemblyFromResolvingEvent(AssemblyName assemblyName)
   at System.Runtime.Loader.AssemblyLoadContext.ResolveUsingEvent(AssemblyName assemblyName)
   at System.Runtime.Loader.AssemblyLoadContext.ResolveUsingResolvingEvent(IntPtr gchManagedAssemblyLoadContext, AssemblyName assemblyName)
TpTrace Warning: 0 : 16504, 1, 2024/02/01, 22:19:38.049, 415662567166, vstest.console.dll, LoaderExceptions: System.IO.FileNotFoundException: Could not load file or assembly 'Microsoft.Bcl.AsyncInterfaces, Version=1.0.0.0, Culture=neutral, PublicKeyToken=cc7b13ffcd2ddd51'. Не удается найти указанный файл.
File name: 'Microsoft.Bcl.AsyncInterfaces, Version=1.0.0.0, Culture=neutral, PublicKeyToken=cc7b13ffcd2ddd51'
 ---> System.IO.FileNotFoundException: Could not load file or assembly 'Microsoft.Bcl.AsyncInterfaces, Culture=neutral, PublicKeyToken=null'. Не удается найти указанный файл.
File name: 'Microsoft.Bcl.AsyncInterfaces, Culture=neutral, PublicKeyToken=null'
   at System.Reflection.RuntimeAssembly.InternalLoad(AssemblyName assemblyName, StackCrawlMark& stackMark, AssemblyLoadContext assemblyLoadContext, RuntimeAssembly requestingAssembly, Boolean throwOnFileNotFound)
   at System.Reflection.Assembly.Load(AssemblyName assemblyRef)
   at Microsoft.VisualStudio.TestPlatform.Common.ExtensionFramework.TestPluginCache.CurrentDomainAssemblyResolve(Object sender, AssemblyResolveEventArgs args) in /_/src/Microsoft.TestPlatform.Common/ExtensionFramework/TestPluginCache.cs:line 513
   at System.Runtime.Loader.AssemblyLoadContext.GetFirstResolvedAssemblyFromResolvingEvent(AssemblyName assemblyName)
   at System.Runtime.Loader.AssemblyLoadContext.ResolveUsingEvent(AssemblyName assemblyName)
   at System.Runtime.Loader.AssemblyLoadContext.ResolveUsingResolvingEvent(IntPtr gchManagedAssemblyLoadContext, AssemblyName assemblyName)
TpTrace Information: 0 : 16504, 1, 2024/02/01, 22:19:38.049, 415662569994, vstest.console.dll, AssemblyResolver.OnResolve: Microsoft.TestPlatform.Extensions.BlameDataCollector: Resolving assembly.
TpTrace Information: 0 : 16504, 1, 2024/02/01, 22:19:38.049, 415662571303, vstest.console.dll, AssemblyResolver.OnResolve: Microsoft.TestPlatform.Extensions.BlameDataCollector: Searching in: 'C:\Program Files\dotnet\sdk\7.0.401\Extensions'.
TpTrace Information: 0 : 16504, 1, 2024/02/01, 22:19:38.051, 415662583996, vstest.console.dll, AssemblyResolver.OnResolve: Microsoft.TestPlatform.Extensions.BlameDataCollector: Loading assembly 'C:\Program Files\dotnet\sdk\7.0.401\Extensions\Microsoft.TestPlatform.Extensions.BlameDataCollector.dll'.
TpTrace Information: 0 : 16504, 1, 2024/02/01, 22:19:38.051, 415662593015, vstest.console.dll, AssemblyResolver.OnResolve: Resolved assembly: Microsoft.TestPlatform.Extensions.BlameDataCollector, from path: C:\Program Files\dotnet\sdk\7.0.401\Extensions\Microsoft.TestPlatform.Extensions.BlameDataCollector.dll
TpTrace Verbose: 0 : 16504, 1, 2024/02/01, 22:19:38.052, 415662594945, vstest.console.dll, MetadataReaderExtensionsHelper: Discovering extensions inside assembly 'Microsoft.TestPlatform.Extensions.BlameDataCollector, Version=15.0.0.0, Culture=neutral, PublicKeyToken=b03f5f7f11d50a3a' file path 'C:\Program Files\dotnet\sdk\7.0.401\Extensions\Microsoft.TestPlatform.Extensions.BlameDataCollector.dll'
TpTrace Information: 0 : 16504, 1, 2024/02/01, 22:19:38.054, 415662620403, vstest.console.dll, AssemblyResolver.OnResolve: Microsoft.TestPlatform.Extensions.EventLogCollector: Resolving assembly.
TpTrace Information: 0 : 16504, 1, 2024/02/01, 22:19:38.054, 415662622192, vstest.console.dll, AssemblyResolver.OnResolve: Microsoft.TestPlatform.Extensions.EventLogCollector: Searching in: 'C:\Program Files\dotnet\sdk\7.0.401\Extensions'.
TpTrace Information: 0 : 16504, 1, 2024/02/01, 22:19:38.055, 415662630659, vstest.console.dll, AssemblyResolver.OnResolve: Microsoft.TestPlatform.Extensions.EventLogCollector: Loading assembly 'C:\Program Files\dotnet\sdk\7.0.401\Extensions\Microsoft.TestPlatform.Extensions.EventLogCollector.dll'.
TpTrace Information: 0 : 16504, 1, 2024/02/01, 22:19:38.056, 415662638390, vstest.console.dll, AssemblyResolver.OnResolve: Resolved assembly: Microsoft.TestPlatform.Extensions.EventLogCollector, from path: C:\Program Files\dotnet\sdk\7.0.401\Extensions\Microsoft.TestPlatform.Extensions.EventLogCollector.dll
TpTrace Verbose: 0 : 16504, 1, 2024/02/01, 22:19:38.056, 415662639751, vstest.console.dll, MetadataReaderExtensionsHelper: Discovering extensions inside assembly 'Microsoft.TestPlatform.Extensions.EventLogCollector, Version=15.0.0.0, Culture=neutral, PublicKeyToken=b03f5f7f11d50a3a' file path 'C:\Program Files\dotnet\sdk\7.0.401\Extensions\Microsoft.TestPlatform.Extensions.EventLogCollector.dll'
TpTrace Information: 0 : 16504, 1, 2024/02/01, 22:19:38.060, 415662677244, vstest.console.dll, AssemblyResolver.OnResolve: Microsoft.TestPlatform.TestHostRuntimeProvider: Resolving assembly.
TpTrace Information: 0 : 16504, 1, 2024/02/01, 22:19:38.060, 415662678821, vstest.console.dll, AssemblyResolver.OnResolve: Microsoft.TestPlatform.TestHostRuntimeProvider: Searching in: 'C:\Program Files\dotnet\sdk\7.0.401\Extensions'.
TpTrace Information: 0 : 16504, 1, 2024/02/01, 22:19:38.061, 415662686308, vstest.console.dll, AssemblyResolver.OnResolve: Microsoft.TestPlatform.TestHostRuntimeProvider: Loading assembly 'C:\Program Files\dotnet\sdk\7.0.401\Extensions\Microsoft.TestPlatform.TestHostRuntimeProvider.dll'.
TpTrace Information: 0 : 16504, 1, 2024/02/01, 22:19:38.062, 415662694297, vstest.console.dll, AssemblyResolver.OnResolve: Resolved assembly: Microsoft.TestPlatform.TestHostRuntimeProvider, from path: C:\Program Files\dotnet\sdk\7.0.401\Extensions\Microsoft.TestPlatform.TestHostRuntimeProvider.dll
TpTrace Verbose: 0 : 16504, 1, 2024/02/01, 22:19:38.062, 415662695757, vstest.console.dll, MetadataReaderExtensionsHelper: Discovering extensions inside assembly 'Microsoft.TestPlatform.TestHostRuntimeProvider, Version=15.0.0.0, Culture=neutral, PublicKeyToken=b03f5f7f11d50a3a' file path 'C:\Program Files\dotnet\sdk\7.0.401\Extensions\Microsoft.TestPlatform.TestHostRuntimeProvider.dll'
TpTrace Information: 0 : 16504, 1, 2024/02/01, 22:19:38.064, 415662722853, vstest.console.dll, GetTestExtensionFromType: Register extension with identifier data 'HostProvider://DefaultTestHost' and type 'Microsoft.VisualStudio.TestPlatform.CrossPlatEngine.Hosting.DefaultTestHostManager, Microsoft.TestPlatform.TestHostRuntimeProvider, Version=15.0.0.0, Culture=neutral, PublicKeyToken=b03f5f7f11d50a3a' inside file 'C:\Program Files\dotnet\sdk\7.0.401\Extensions\Microsoft.TestPlatform.TestHostRuntimeProvider.dll'
TpTrace Information: 0 : 16504, 1, 2024/02/01, 22:19:38.065, 415662726838, vstest.console.dll, GetTestExtensionFromType: Register extension with identifier data 'HostProvider://DotnetTestHost' and type 'Microsoft.VisualStudio.TestPlatform.CrossPlatEngine.Hosting.DotnetTestHostManager, Microsoft.TestPlatform.TestHostRuntimeProvider, Version=15.0.0.0, Culture=neutral, PublicKeyToken=b03f5f7f11d50a3a' inside file 'C:\Program Files\dotnet\sdk\7.0.401\Extensions\Microsoft.TestPlatform.TestHostRuntimeProvider.dll'
TpTrace Information: 0 : 16504, 1, 2024/02/01, 22:19:38.065, 415662728374, vstest.console.dll, AssemblyResolver.OnResolve: Microsoft.VisualStudio.TestPlatform.Extensions.Html.TestLogger: Resolving assembly.
TpTrace Information: 0 : 16504, 1, 2024/02/01, 22:19:38.065, 415662729605, vstest.console.dll, AssemblyResolver.OnResolve: Microsoft.VisualStudio.TestPlatform.Extensions.Html.TestLogger: Searching in: 'C:\Program Files\dotnet\sdk\7.0.401\Extensions'.
TpTrace Information: 0 : 16504, 1, 2024/02/01, 22:19:38.066, 415662736931, vstest.console.dll, AssemblyResolver.OnResolve: Microsoft.VisualStudio.TestPlatform.Extensions.Html.TestLogger: Loading assembly 'C:\Program Files\dotnet\sdk\7.0.401\Extensions\Microsoft.VisualStudio.TestPlatform.Extensions.Html.TestLogger.dll'.
TpTrace Information: 0 : 16504, 1, 2024/02/01, 22:19:38.067, 415662744130, vstest.console.dll, AssemblyResolver.OnResolve: Resolved assembly: Microsoft.VisualStudio.TestPlatform.Extensions.Html.TestLogger, from path: C:\Program Files\dotnet\sdk\7.0.401\Extensions\Microsoft.VisualStudio.TestPlatform.Extensions.Html.TestLogger.dll
TpTrace Verbose: 0 : 16504, 1, 2024/02/01, 22:19:38.067, 415662745608, vstest.console.dll, MetadataReaderExtensionsHelper: Discovering extensions inside assembly 'Microsoft.VisualStudio.TestPlatform.Extensions.Html.TestLogger, Version=15.0.0.0, Culture=neutral, PublicKeyToken=b03f5f7f11d50a3a' file path 'C:\Program Files\dotnet\sdk\7.0.401\Extensions\Microsoft.VisualStudio.TestPlatform.Extensions.Html.TestLogger.dll'
TpTrace Information: 0 : 16504, 1, 2024/02/01, 22:19:38.068, 415662759582, vstest.console.dll, AssemblyResolver.OnResolve: Microsoft.VisualStudio.TestPlatform.Extensions.Trx.TestLogger: Resolving assembly.
TpTrace Information: 0 : 16504, 1, 2024/02/01, 22:19:38.068, 415662761087, vstest.console.dll, AssemblyResolver.OnResolve: Microsoft.VisualStudio.TestPlatform.Extensions.Trx.TestLogger: Searching in: 'C:\Program Files\dotnet\sdk\7.0.401\Extensions'.
TpTrace Information: 0 : 16504, 1, 2024/02/01, 22:19:38.069, 415662767836, vstest.console.dll, AssemblyResolver.OnResolve: Microsoft.VisualStudio.TestPlatform.Extensions.Trx.TestLogger: Loading assembly 'C:\Program Files\dotnet\sdk\7.0.401\Extensions\Microsoft.VisualStudio.TestPlatform.Extensions.Trx.TestLogger.dll'.
TpTrace Information: 0 : 16504, 1, 2024/02/01, 22:19:38.070, 415662775870, vstest.console.dll, AssemblyResolver.OnResolve: Resolved assembly: Microsoft.VisualStudio.TestPlatform.Extensions.Trx.TestLogger, from path: C:\Program Files\dotnet\sdk\7.0.401\Extensions\Microsoft.VisualStudio.TestPlatform.Extensions.Trx.TestLogger.dll
TpTrace Verbose: 0 : 16504, 1, 2024/02/01, 22:19:38.070, 415662777446, vstest.console.dll, MetadataReaderExtensionsHelper: Discovering extensions inside assembly 'Microsoft.VisualStudio.TestPlatform.Extensions.Trx.TestLogger, Version=15.0.0.0, Culture=neutral, PublicKeyToken=b03f5f7f11d50a3a' file path 'C:\Program Files\dotnet\sdk\7.0.401\Extensions\Microsoft.VisualStudio.TestPlatform.Extensions.Trx.TestLogger.dll'
TpTrace Verbose: 0 : 16504, 1, 2024/02/01, 22:19:38.072, 415662795882, vstest.console.dll, TestPluginCache: Discovered the extensions using extension path ''.
TpTrace Verbose: 0 : 16504, 1, 2024/02/01, 22:19:38.072, 415662797350, vstest.console.dll, TestPluginCache: Discoverers are ''.
TpTrace Verbose: 0 : 16504, 1, 2024/02/01, 22:19:38.072, 415662798314, vstest.console.dll, TestPluginCache: Executors are ''.
TpTrace Verbose: 0 : 16504, 1, 2024/02/01, 22:19:38.072, 415662799241, vstest.console.dll, TestPluginCache: Executors2 are ''.
TpTrace Verbose: 0 : 16504, 1, 2024/02/01, 22:19:38.072, 415662800153, vstest.console.dll, TestPluginCache: Setting providers are ''.
TpTrace Verbose: 0 : 16504, 1, 2024/02/01, 22:19:38.072, 415662801148, vstest.console.dll, TestPluginCache: Loggers are ''.
TpTrace Verbose: 0 : 16504, 1, 2024/02/01, 22:19:38.072, 415662803516, vstest.console.dll, TestPluginCache: TestHosts are 'HostProvider://DefaultTestHost,HostProvider://DotnetTestHost'.
TpTrace Verbose: 0 : 16504, 1, 2024/02/01, 22:19:38.073, 415662804599, vstest.console.dll, TestPluginCache: DataCollectors are ''.
TpTrace Information: 0 : 16504, 1, 2024/02/01, 22:19:38.087, 415662952661, vstest.console.dll, RunTestsArgumentProcessor:Execute: Test run is starting.
TpTrace Verbose: 0 : 16504, 1, 2024/02/01, 22:19:38.088, 415662954759, vstest.console.dll, RunTestsArgumentProcessor:Execute: Queuing Test run.
TpTrace Information: 0 : 16504, 1, 2024/02/01, 22:19:38.088, 415662958603, vstest.console.dll, TestRequestManager.RunTests: run tests started.
TpTrace Information: 0 : 16504, 1, 2024/02/01, 22:19:38.090, 415662978472, vstest.console.dll, AssemblyMetadataProvider.GetFrameworkName: Determined framework:'.NETCoreApp,Version=v7.0' for source: 'D:\GeekBrains\My Git\FinalAtestationGB\MyAtestation\TestProject1\bin\Debug\net7.0\fine-code-coverage\build-output\TestProject1.dll'
TpTrace Information: 0 : 16504, 1, 2024/02/01, 22:19:38.090, 415662981594, vstest.console.dll, Determined framework for all sources: .NETCoreApp,Version=v7.0
TpTrace Verbose: 0 : 16504, 1, 2024/02/01, 22:19:38.091, 415662988777, vstest.console.dll, TestRequestManager.UpdateRunSettingsIfRequired: Default architecture: X64 IsDefaultTargetArchitecture: True, Current process architecture: X64 OperatingSystem: Windows.
TpTrace Information: 0 : 16504, 1, 2024/02/01, 22:19:38.094, 415663016255, vstest.console.dll, AssemblyMetadataProvider.GetArchitecture: Determined architecture:AnyCPU info for assembly: D:\GeekBrains\My Git\FinalAtestationGB\MyAtestation\TestProject1\bin\Debug\net7.0\fine-code-coverage\build-output\TestProject1.dll
TpTrace Information: 0 : 16504, 1, 2024/02/01, 22:19:38.094, 415663017609, vstest.console.dll, Determined platform for source 'D:\GeekBrains\My Git\FinalAtestationGB\MyAtestation\TestProject1\bin\Debug\net7.0\fine-code-coverage\build-output\TestProject1.dll' was AnyCPU and it will use the default plaform X64.
TpTrace Information: 0 : 16504, 1, 2024/02/01, 22:19:38.094, 415663018680, vstest.console.dll, None of the sources provided any runnable platform, using the default platform: X64
TpTrace Information: 0 : 16504, 1, 2024/02/01, 22:19:38.094, 415663020522, vstest.console.dll, Platform was updated to 'X64'.
TpTrace Information: 0 : 16504, 1, 2024/02/01, 22:19:38.099, 415663071233, vstest.console.dll, InferRunSettingsHelper.IsTestSettingsEnabled: Unable to navigate to RunSettings/MSTest. Current node: RunSettings
TpTrace Information: 0 : 16504, 1, 2024/02/01, 22:19:38.100, 415663082598, vstest.console.dll, AssemblyResolver.OnResolve: Microsoft.VisualStudio.TestPlatform.Fakes: Resolving assembly.
TpTrace Information: 0 : 16504, 1, 2024/02/01, 22:19:38.101, 415663084327, vstest.console.dll, AssemblyResolver.OnResolve: Microsoft.VisualStudio.TestPlatform.Fakes: Searching in: 'C:\Program Files\dotnet\sdk\7.0.401\Extensions'.
TpTrace Information: 0 : 16504, 1, 2024/02/01, 22:19:38.101, 415663086375, vstest.console.dll, AssemblyResolver.OnResolve: Microsoft.VisualStudio.TestPlatform.Fakes: Assembly path does not exist: 'C:\Program Files\dotnet\sdk\7.0.401\Extensions\Microsoft.VisualStudio.TestPlatform.Fakes.dll', returning.
TpTrace Information: 0 : 16504, 1, 2024/02/01, 22:19:38.101, 415663087804, vstest.console.dll, AssemblyResolver.OnResolve: Microsoft.VisualStudio.TestPlatform.Fakes: Assembly path does not exist: 'C:\Program Files\dotnet\sdk\7.0.401\Extensions\Microsoft.VisualStudio.TestPlatform.Fakes.exe', returning.
TpTrace Information: 0 : 16504, 1, 2024/02/01, 22:19:38.101, 415663088868, vstest.console.dll, AssemblyResolver.OnResolve: Microsoft.VisualStudio.TestPlatform.Fakes: Searching in: 'C:\Program Files\dotnet\sdk\7.0.401'.
TpTrace Information: 0 : 16504, 1, 2024/02/01, 22:19:38.101, 415663090362, vstest.console.dll, AssemblyResolver.OnResolve: Microsoft.VisualStudio.TestPlatform.Fakes: Assembly path does not exist: 'C:\Program Files\dotnet\sdk\7.0.401\Microsoft.VisualStudio.TestPlatform.Fakes.dll', returning.
TpTrace Information: 0 : 16504, 1, 2024/02/01, 22:19:38.101, 415663091803, vstest.console.dll, AssemblyResolver.OnResolve: Microsoft.VisualStudio.TestPlatform.Fakes: Assembly path does not exist: 'C:\Program Files\dotnet\sdk\7.0.401\Microsoft.VisualStudio.TestPlatform.Fakes.exe', returning.
TpTrace Information: 0 : 16504, 1, 2024/02/01, 22:19:38.101, 415663092931, vstest.console.dll, AssemblyResolver.OnResolve: Microsoft.VisualStudio.TestPlatform.Fakes: Failed to load assembly.
TpTrace Information: 0 : 16504, 1, 2024/02/01, 22:19:38.102, 415663099307, vstest.console.dll, Failed to load assembly Microsoft.VisualStudio.TestPlatform.Fakes, Version=17.0.0.0, Culture=neutral. Reason:System.IO.FileNotFoundException: Could not load file or assembly 'Microsoft.VisualStudio.TestPlatform.Fakes, Version=17.0.0.0, Culture=neutral, PublicKeyToken=null'. Не удается найти указанный файл.
File name: 'Microsoft.VisualStudio.TestPlatform.Fakes, Version=17.0.0.0, Culture=neutral, PublicKeyToken=null'
   at System.Reflection.RuntimeAssembly.InternalLoad(AssemblyName assemblyName, StackCrawlMark& stackMark, AssemblyLoadContext assemblyLoadContext, RuntimeAssembly requestingAssembly, Boolean throwOnFileNotFound)
   at System.Reflection.Assembly.Load(AssemblyName assemblyRef)
   at Microsoft.VisualStudio.TestPlatform.Common.Utilities.FakesUtilities.LoadTestPlatformAssembly() in /_/src/Microsoft.TestPlatform.Common/Utilities/FakesUtilities.cs:line 272
TpTrace Verbose: 0 : 16504, 1, 2024/02/01, 22:19:38.107, 415663147779, vstest.console.dll, TestPluginCache.DiscoverTestExtensions: finding test extensions in assemblies ends with: TestLogger.dll TPluginInfo: Microsoft.VisualStudio.TestPlatform.Common.ExtensionFramework.Utilities.TestLoggerPluginInformation TExtension: Microsoft.VisualStudio.TestPlatform.ObjectModel.Client.ITestLogger
TpTrace Verbose: 0 : 16504, 1, 2024/02/01, 22:19:38.107, 415663149893, vstest.console.dll, TestPluginCache.GetExtensionPaths: Filtered extension paths: 
TpTrace Verbose: 0 : 16504, 1, 2024/02/01, 22:19:38.107, 415663150927, vstest.console.dll, TestPluginCache.GetExtensionPaths: Added default extension paths: C:\Program Files\dotnet\sdk\7.0.401\Extensions\Microsoft.Diagnostics.NETCore.Client.dll
C:\Program Files\dotnet\sdk\7.0.401\Extensions\Microsoft.TestPlatform.Extensions.BlameDataCollector.dll
C:\Program Files\dotnet\sdk\7.0.401\Extensions\Microsoft.TestPlatform.Extensions.EventLogCollector.dll
C:\Program Files\dotnet\sdk\7.0.401\Extensions\Microsoft.TestPlatform.TestHostRuntimeProvider.dll
C:\Program Files\dotnet\sdk\7.0.401\Extensions\Microsoft.VisualStudio.TestPlatform.Extensions.Html.TestLogger.dll
C:\Program Files\dotnet\sdk\7.0.401\Extensions\Microsoft.VisualStudio.TestPlatform.Extensions.Trx.TestLogger.dll
TpTrace Verbose: 0 : 16504, 1, 2024/02/01, 22:19:38.107, 415663151983, vstest.console.dll, TestPluginCache.GetExtensionPaths: Added unfilterableExtensionPaths: 
TpTrace Information: 0 : 16504, 1, 2024/02/01, 22:19:38.108, 415663154385, vstest.console.dll, AssemblyResolver.AddSearchDirectories: Adding more searchDirectories C:\Program Files\dotnet\sdk\7.0.401\Extensions,C:\Program Files\dotnet\sdk\7.0.401
TpTrace Verbose: 0 : 16504, 1, 2024/02/01, 22:19:38.108, 415663155514, vstest.console.dll, TestPluginCache.DiscoverTestExtensions: Discovering the extensions using extension path.
TpTrace Verbose: 0 : 16504, 1, 2024/02/01, 22:19:38.108, 415663156569, vstest.console.dll, TestPluginCache.GetExtensionPaths: Filtered extension paths: 
TpTrace Verbose: 0 : 16504, 1, 2024/02/01, 22:19:38.108, 415663157626, vstest.console.dll, TestPluginCache.GetExtensionPaths: Added default extension paths: C:\Program Files\dotnet\sdk\7.0.401\Extensions\Microsoft.Diagnostics.NETCore.Client.dll
C:\Program Files\dotnet\sdk\7.0.401\Extensions\Microsoft.TestPlatform.Extensions.BlameDataCollector.dll
C:\Program Files\dotnet\sdk\7.0.401\Extensions\Microsoft.TestPlatform.Extensions.EventLogCollector.dll
C:\Program Files\dotnet\sdk\7.0.401\Extensions\Microsoft.TestPlatform.TestHostRuntimeProvider.dll
C:\Program Files\dotnet\sdk\7.0.401\Extensions\Microsoft.VisualStudio.TestPlatform.Extensions.Html.TestLogger.dll
C:\Program Files\dotnet\sdk\7.0.401\Extensions\Microsoft.VisualStudio.TestPlatform.Extensions.Trx.TestLogger.dll
TpTrace Verbose: 0 : 16504, 1, 2024/02/01, 22:19:38.108, 415663158605, vstest.console.dll, TestPluginCache.GetExtensionPaths: Added unfilterableExtensionPaths: 
TpTrace Verbose: 0 : 16504, 1, 2024/02/01, 22:19:38.108, 415663159653, vstest.console.dll, TestPluginCache.DiscoverTestExtensions: Discovering the extensions using allExtensionPaths: C:\Program Files\dotnet\sdk\7.0.401\Extensions\Microsoft.Diagnostics.NETCore.Client.dll
C:\Program Files\dotnet\sdk\7.0.401\Extensions\Microsoft.TestPlatform.Extensions.BlameDataCollector.dll
C:\Program Files\dotnet\sdk\7.0.401\Extensions\Microsoft.TestPlatform.Extensions.EventLogCollector.dll
C:\Program Files\dotnet\sdk\7.0.401\Extensions\Microsoft.TestPlatform.TestHostRuntimeProvider.dll
C:\Program Files\dotnet\sdk\7.0.401\Extensions\Microsoft.VisualStudio.TestPlatform.Extensions.Html.TestLogger.dll
C:\Program Files\dotnet\sdk\7.0.401\Extensions\Microsoft.VisualStudio.TestPlatform.Extensions.Trx.TestLogger.dll
TpTrace Information: 0 : 16504, 1, 2024/02/01, 22:19:38.108, 415663161572, vstest.console.dll, AssemblyResolver.AddSearchDirectories: Adding more searchDirectories C:\Program Files\dotnet\sdk\7.0.401\Extensions,C:\Program Files\dotnet\sdk\7.0.401
TpTrace Information: 0 : 16504, 1, 2024/02/01, 22:19:38.108, 415663162747, vstest.console.dll, AssemblyResolver.AddSearchDirectories: Adding more searchDirectories C:\Program Files\dotnet\sdk\7.0.401\Extensions,C:\Program Files\dotnet\sdk\7.0.401
TpTrace Information: 0 : 16504, 1, 2024/02/01, 22:19:38.109, 415663163927, vstest.console.dll, AssemblyResolver.AddSearchDirectories: Adding more searchDirectories C:\Program Files\dotnet\sdk\7.0.401\Extensions,C:\Program Files\dotnet\sdk\7.0.401
TpTrace Information: 0 : 16504, 1, 2024/02/01, 22:19:38.109, 415663164969, vstest.console.dll, AssemblyResolver.AddSearchDirectories: Adding more searchDirectories C:\Program Files\dotnet\sdk\7.0.401\Extensions,C:\Program Files\dotnet\sdk\7.0.401
TpTrace Information: 0 : 16504, 1, 2024/02/01, 22:19:38.109, 415663166074, vstest.console.dll, AssemblyResolver.AddSearchDirectories: Adding more searchDirectories C:\Program Files\dotnet\sdk\7.0.401\Extensions,C:\Program Files\dotnet\sdk\7.0.401
TpTrace Information: 0 : 16504, 1, 2024/02/01, 22:19:38.109, 415663167214, vstest.console.dll, AssemblyResolver.AddSearchDirectories: Adding more searchDirectories C:\Program Files\dotnet\sdk\7.0.401\Extensions,C:\Program Files\dotnet\sdk\7.0.401
TpTrace Verbose: 0 : 16504, 1, 2024/02/01, 22:19:38.109, 415663169276, vstest.console.dll, MetadataReaderExtensionsHelper: Discovering extensions inside assembly 'Microsoft.Diagnostics.NETCore.Client, Version=0.2.8.21101, Culture=neutral, PublicKeyToken=31bf3856ad364e35' file path 'C:\Program Files\dotnet\sdk\7.0.401\Extensions\Microsoft.Diagnostics.NETCore.Client.dll'
TpTrace Information: 0 : 16504, 1, 2024/02/01, 22:19:38.111, 415663184748, vstest.console.dll, AssemblyResolver.OnResolve: Microsoft.Bcl.AsyncInterfaces: Resolving assembly.
TpTrace Information: 0 : 16504, 1, 2024/02/01, 22:19:38.111, 415663186040, vstest.console.dll, AssemblyResolver.OnResolve: Microsoft.Bcl.AsyncInterfaces: Resolved from cache.
TpTrace Verbose: 0 : 16504, 1, 2024/02/01, 22:19:38.111, 415663187020, vstest.console.dll, CurrentDomainAssemblyResolve: Resolving assembly 'Microsoft.Bcl.AsyncInterfaces'.
TpTrace Information: 0 : 16504, 1, 2024/02/01, 22:19:38.111, 415663188264, vstest.console.dll, AssemblyResolver.OnResolve: Microsoft.Bcl.AsyncInterfaces: Resolving assembly.
TpTrace Information: 0 : 16504, 1, 2024/02/01, 22:19:38.111, 415663189258, vstest.console.dll, AssemblyResolver.OnResolve: Microsoft.Bcl.AsyncInterfaces: Resolved from cache.
TpTrace Verbose: 0 : 16504, 1, 2024/02/01, 22:19:38.111, 415663190312, vstest.console.dll, CurrentDomainAssemblyResolve: Resolving assembly 'Microsoft.Bcl.AsyncInterfaces'.
TpTrace Verbose: 0 : 16504, 1, 2024/02/01, 22:19:38.111, 415663191257, vstest.console.dll, CurrentDomainAssemblyResolve: Failed to resolve assembly 'Microsoft.Bcl.AsyncInterfaces'.
TpTrace Verbose: 0 : 16504, 1, 2024/02/01, 22:19:38.112, 415663195028, vstest.console.dll, CurrentDomainAssemblyResolve: Failed to resolve assembly 'Microsoft.Bcl.AsyncInterfaces'.
TpTrace Warning: 0 : 16504, 1, 2024/02/01, 22:19:38.112, 415663202108, vstest.console.dll, TestPluginDiscoverer: Failed to get types from assembly 'Microsoft.Diagnostics.NETCore.Client, Version=0.2.8.21101, Culture=neutral, PublicKeyToken=31bf3856ad364e35'. Error: System.Reflection.ReflectionTypeLoadException: Unable to load one or more of the requested types.
Could not load file or assembly 'Microsoft.Bcl.AsyncInterfaces, Version=1.0.0.0, Culture=neutral, PublicKeyToken=cc7b13ffcd2ddd51'. Не удается найти указанный файл.
   at System.Reflection.RuntimeModule.GetTypes(RuntimeModule module)
   at System.Reflection.Assembly.GetTypes()
   at Microsoft.VisualStudio.TestPlatform.Common.ExtensionFramework.TestPluginDiscoverer.GetTestExtensionsFromAssembly[TPluginInfo,TExtension](Assembly assembly, Dictionary`2 pluginInfos, String filePath) in /_/src/Microsoft.TestPlatform.Common/ExtensionFramework/TestPluginDiscoverer.cs:line 158
System.IO.FileNotFoundException: Could not load file or assembly 'Microsoft.Bcl.AsyncInterfaces, Version=1.0.0.0, Culture=neutral, PublicKeyToken=cc7b13ffcd2ddd51'. Не удается найти указанный файл.
File name: 'Microsoft.Bcl.AsyncInterfaces, Version=1.0.0.0, Culture=neutral, PublicKeyToken=cc7b13ffcd2ddd51'
 ---> System.IO.FileNotFoundException: Could not load file or assembly 'Microsoft.Bcl.AsyncInterfaces, Culture=neutral, PublicKeyToken=null'. Не удается найти указанный файл.
File name: 'Microsoft.Bcl.AsyncInterfaces, Culture=neutral, PublicKeyToken=null'
   at System.Reflection.RuntimeAssembly.InternalLoad(AssemblyName assemblyName, StackCrawlMark& stackMark, AssemblyLoadContext assemblyLoadContext, RuntimeAssembly requestingAssembly, Boolean throwOnFileNotFound)
   at System.Reflection.Assembly.Load(AssemblyName assemblyRef)
   at Microsoft.VisualStudio.TestPlatform.Common.ExtensionFramework.TestPluginCache.CurrentDomainAssemblyResolve(Object sender, AssemblyResolveEventArgs args) in /_/src/Microsoft.TestPlatform.Common/ExtensionFramework/TestPluginCache.cs:line 513
   at System.Runtime.Loader.AssemblyLoadContext.GetFirstResolvedAssemblyFromResolvingEvent(AssemblyName assemblyName)
   at System.Runtime.Loader.AssemblyLoadContext.ResolveUsingEvent(AssemblyName assemblyName)
   at System.Runtime.Loader.AssemblyLoadContext.ResolveUsingResolvingEvent(IntPtr gchManagedAssemblyLoadContext, AssemblyName assemblyName)
TpTrace Warning: 0 : 16504, 1, 2024/02/01, 22:19:38.113, 415663205177, vstest.console.dll, LoaderExceptions: System.IO.FileNotFoundException: Could not load file or assembly 'Microsoft.Bcl.AsyncInterfaces, Version=1.0.0.0, Culture=neutral, PublicKeyToken=cc7b13ffcd2ddd51'. Не удается найти указанный файл.
File name: 'Microsoft.Bcl.AsyncInterfaces, Version=1.0.0.0, Culture=neutral, PublicKeyToken=cc7b13ffcd2ddd51'
 ---> System.IO.FileNotFoundException: Could not load file or assembly 'Microsoft.Bcl.AsyncInterfaces, Culture=neutral, PublicKeyToken=null'. Не удается найти указанный файл.
File name: 'Microsoft.Bcl.AsyncInterfaces, Culture=neutral, PublicKeyToken=null'
   at System.Reflection.RuntimeAssembly.InternalLoad(AssemblyName assemblyName, StackCrawlMark& stackMark, AssemblyLoadContext assemblyLoadContext, RuntimeAssembly requestingAssembly, Boolean throwOnFileNotFound)
   at System.Reflection.Assembly.Load(AssemblyName assemblyRef)
   at Microsoft.VisualStudio.TestPlatform.Common.ExtensionFramework.TestPluginCache.CurrentDomainAssemblyResolve(Object sender, AssemblyResolveEventArgs args) in /_/src/Microsoft.TestPlatform.Common/ExtensionFramework/TestPluginCache.cs:line 513
   at System.Runtime.Loader.AssemblyLoadContext.GetFirstResolvedAssemblyFromResolvingEvent(AssemblyName assemblyName)
   at System.Runtime.Loader.AssemblyLoadContext.ResolveUsingEvent(AssemblyName assemblyName)
   at System.Runtime.Loader.AssemblyLoadContext.ResolveUsingResolvingEvent(IntPtr gchManagedAssemblyLoadContext, AssemblyName assemblyName)
TpTrace Verbose: 0 : 16504, 1, 2024/02/01, 22:19:38.113, 415663206808, vstest.console.dll, MetadataReaderExtensionsHelper: Discovering extensions inside assembly 'Microsoft.TestPlatform.Extensions.BlameDataCollector, Version=15.0.0.0, Culture=neutral, PublicKeyToken=b03f5f7f11d50a3a' file path 'C:\Program Files\dotnet\sdk\7.0.401\Extensions\Microsoft.TestPlatform.Extensions.BlameDataCollector.dll'
TpTrace Information: 0 : 16504, 1, 2024/02/01, 22:19:38.114, 415663217700, vstest.console.dll, GetTestExtensionFromType: Register extension with identifier data 'logger://Microsoft/TestPlatform/Extensions/Blame/v1' and type 'Microsoft.TestPlatform.Extensions.BlameDataCollector.BlameLogger, Microsoft.TestPlatform.Extensions.BlameDataCollector, Version=15.0.0.0, Culture=neutral, PublicKeyToken=b03f5f7f11d50a3a' inside file 'C:\Program Files\dotnet\sdk\7.0.401\Extensions\Microsoft.TestPlatform.Extensions.BlameDataCollector.dll'
TpTrace Verbose: 0 : 16504, 1, 2024/02/01, 22:19:38.114, 415663219049, vstest.console.dll, MetadataReaderExtensionsHelper: Discovering extensions inside assembly 'Microsoft.TestPlatform.Extensions.EventLogCollector, Version=15.0.0.0, Culture=neutral, PublicKeyToken=b03f5f7f11d50a3a' file path 'C:\Program Files\dotnet\sdk\7.0.401\Extensions\Microsoft.TestPlatform.Extensions.EventLogCollector.dll'
TpTrace Verbose: 0 : 16504, 1, 2024/02/01, 22:19:38.115, 415663225017, vstest.console.dll, MetadataReaderExtensionsHelper: Discovering extensions inside assembly 'Microsoft.TestPlatform.TestHostRuntimeProvider, Version=15.0.0.0, Culture=neutral, PublicKeyToken=b03f5f7f11d50a3a' file path 'C:\Program Files\dotnet\sdk\7.0.401\Extensions\Microsoft.TestPlatform.TestHostRuntimeProvider.dll'
TpTrace Verbose: 0 : 16504, 1, 2024/02/01, 22:19:38.115, 415663232780, vstest.console.dll, MetadataReaderExtensionsHelper: Discovering extensions inside assembly 'Microsoft.VisualStudio.TestPlatform.Extensions.Html.TestLogger, Version=15.0.0.0, Culture=neutral, PublicKeyToken=b03f5f7f11d50a3a' file path 'C:\Program Files\dotnet\sdk\7.0.401\Extensions\Microsoft.VisualStudio.TestPlatform.Extensions.Html.TestLogger.dll'
TpTrace Information: 0 : 16504, 1, 2024/02/01, 22:19:38.117, 415663246541, vstest.console.dll, GetTestExtensionFromType: Register extension with identifier data 'logger://Microsoft/TestPlatform/HtmlLogger/v1' and type 'Microsoft.VisualStudio.TestPlatform.Extensions.HtmlLogger.HtmlLogger, Microsoft.VisualStudio.TestPlatform.Extensions.Html.TestLogger, Version=15.0.0.0, Culture=neutral, PublicKeyToken=b03f5f7f11d50a3a' inside file 'C:\Program Files\dotnet\sdk\7.0.401\Extensions\Microsoft.VisualStudio.TestPlatform.Extensions.Html.TestLogger.dll'
TpTrace Verbose: 0 : 16504, 1, 2024/02/01, 22:19:38.117, 415663248276, vstest.console.dll, MetadataReaderExtensionsHelper: Discovering extensions inside assembly 'Microsoft.VisualStudio.TestPlatform.Extensions.Trx.TestLogger, Version=15.0.0.0, Culture=neutral, PublicKeyToken=b03f5f7f11d50a3a' file path 'C:\Program Files\dotnet\sdk\7.0.401\Extensions\Microsoft.VisualStudio.TestPlatform.Extensions.Trx.TestLogger.dll'
TpTrace Information: 0 : 16504, 1, 2024/02/01, 22:19:38.118, 415663257109, vstest.console.dll, GetTestExtensionFromType: Register extension with identifier data 'logger://Microsoft/TestPlatform/TrxLogger/v1' and type 'Microsoft.VisualStudio.TestPlatform.Extensions.TrxLogger.TrxLogger, Microsoft.VisualStudio.TestPlatform.Extensions.Trx.TestLogger, Version=15.0.0.0, Culture=neutral, PublicKeyToken=b03f5f7f11d50a3a' inside file 'C:\Program Files\dotnet\sdk\7.0.401\Extensions\Microsoft.VisualStudio.TestPlatform.Extensions.Trx.TestLogger.dll'
TpTrace Verbose: 0 : 16504, 1, 2024/02/01, 22:19:38.118, 415663258917, vstest.console.dll, TestPluginCache: Discovered the extensions using extension path ''.
TpTrace Verbose: 0 : 16504, 1, 2024/02/01, 22:19:38.118, 415663259926, vstest.console.dll, TestPluginCache: Discoverers are ''.
TpTrace Verbose: 0 : 16504, 1, 2024/02/01, 22:19:38.118, 415663260859, vstest.console.dll, TestPluginCache: Executors are ''.
TpTrace Verbose: 0 : 16504, 1, 2024/02/01, 22:19:38.118, 415663261776, vstest.console.dll, TestPluginCache: Executors2 are ''.
TpTrace Verbose: 0 : 16504, 1, 2024/02/01, 22:19:38.118, 415663262691, vstest.console.dll, TestPluginCache: Setting providers are ''.
TpTrace Verbose: 0 : 16504, 1, 2024/02/01, 22:19:38.119, 415663264541, vstest.console.dll, TestPluginCache: Loggers are 'logger://Microsoft/TestPlatform/Extensions/Blame/v1,logger://Microsoft/TestPlatform/HtmlLogger/v1,logger://Microsoft/TestPlatform/TrxLogger/v1'.
TpTrace Verbose: 0 : 16504, 1, 2024/02/01, 22:19:38.119, 415663265831, vstest.console.dll, TestPluginCache: TestHosts are 'HostProvider://DefaultTestHost,HostProvider://DotnetTestHost'.
TpTrace Verbose: 0 : 16504, 1, 2024/02/01, 22:19:38.119, 415663266806, vstest.console.dll, TestPluginCache: DataCollectors are ''.
TpTrace Information: 0 : 16504, 1, 2024/02/01, 22:19:38.120, 415663280703, vstest.console.dll, TestPluginManager.CreateTestExtension: Attempting to load test extension: Microsoft.TestPlatform.Extensions.BlameDataCollector.BlameLogger
TpTrace Verbose: 0 : 16504, 1, 2024/02/01, 22:19:38.131, 415663389755, vstest.console.dll, TestEngine: Initializing Parallel Execution as MaxCpuCount is set to: 1
TpTrace Information: 0 : 16504, 1, 2024/02/01, 22:19:38.136, 415663441438, vstest.console.dll, TestPluginManager.CreateTestExtension: Attempting to load test extension: Microsoft.VisualStudio.TestPlatform.CrossPlatEngine.Hosting.DefaultTestHostManager
TpTrace Information: 0 : 16504, 1, 2024/02/01, 22:19:38.137, 415663453411, vstest.console.dll, TestPluginManager.CreateTestExtension: Attempting to load test extension: Microsoft.VisualStudio.TestPlatform.CrossPlatEngine.Hosting.DotnetTestHostManager
TpTrace Information: 0 : 16504, 1, 2024/02/01, 22:19:38.138, 415663463674, vstest.console.dll, InferRunSettingsHelper.IsTestSettingsEnabled: Unable to navigate to RunSettings/MSTest. Current node: RunSettings
TpTrace Verbose: 0 : 16504, 1, 2024/02/01, 22:19:38.139, 415663472040, vstest.console.dll, ParallelOperationManager.ClearSlots: Clearing all slots. Slots should accept more work: True
TpTrace Verbose: 0 : 16504, 1, 2024/02/01, 22:19:38.140, 415663482803, vstest.console.dll, ParallelOperationManager.SetOccupiedSlotCount: Setting slot counts AvailableSlotCount = 1, OccupiedSlotCount = 0.
TpTrace Verbose: 0 : 16504, 1, 2024/02/01, 22:19:38.141, 415663488760, vstest.console.dll, Occupied slots:

TpTrace Verbose: 0 : 16504, 1, 2024/02/01, 22:19:38.145, 415663533460, vstest.console.dll, TestEngine.GetExecutionManager: Chosen execution manager 'Microsoft.VisualStudio.TestPlatform.CrossPlatEngine.Client.Parallel.ParallelProxyExecutionManager, Microsoft.TestPlatform.CrossPlatEngine, Version=15.0.0.0, Culture=neutral, PublicKeyToken=b03f5f7f11d50a3a' ParallelLevel '1'.
TpTrace Verbose: 0 : 16504, 1, 2024/02/01, 22:19:38.146, 415663536385, vstest.console.dll, TestRunRequest.ExecuteAsync: Creating test run request.
TpTrace Verbose: 0 : 16504, 1, 2024/02/01, 22:19:38.146, 415663540072, vstest.console.dll, TestRunRequest.ExecuteAsync: Starting.
TpTrace Information: 0 : 16504, 1, 2024/02/01, 22:19:38.147, 415663544310, vstest.console.dll, TestRunRequest.ExecuteAsync: Starting run with settings:TestRunCriteria:
   KeepAlive=False,FrequencyOfRunStatsChangeEvent=10,RunStatsChangeEventTimeout=00:00:01.5000000,TestCaseFilter=,TestExecutorLauncher=
   Settingsxml=<RunSettings>
  <RunConfiguration>
    <ResultsDirectory>D:\GeekBrains\My Git\FinalAtestationGB\MyAtestation\TestProject1\bin\Debug\net7.0\fine-code-coverage\coverage-tool-output</ResultsDirectory>
    <TargetPlatform>X64</TargetPlatform>
    <TargetFrameworkVersion>.NETCoreApp,Version=v7.0</TargetFrameworkVersion>
    <DesignMode>False</DesignMode>
    <CollectSourceInformation>False</CollectSourceInformation>
  </RunConfiguration>
  <LoggerRunSettings>
    <Loggers>
      <Logger friendlyName="blame" enabled="True" />
      <Logger friendlyName="Console" uri="logger://microsoft/TestPlatform/ConsoleLogger/v1" assemblyQualifiedName="Microsoft.VisualStudio.TestPlatform.CommandLine.Internal.ConsoleLogger, vstest.console, Version=15.0.0.0, Culture=neutral, PublicKeyToken=b03f5f7f11d50a3a" codeBase="C:\Program Files\dotnet\sdk\7.0.401\vstest.console.dll" enabled="True" />
    </Loggers>
  </LoggerRunSettings>
  <DataCollectionRunSettings>
    <DataCollectors>
      <DataCollector friendlyName="blame" enabled="True">
        <Configuration>
          <ResultsDirectory>D:\GeekBrains\My Git\FinalAtestationGB\MyAtestation\TestProject1\bin\Debug\net7.0\fine-code-coverage\coverage-tool-output</ResultsDirectory>
        </Configuration>
      </DataCollector>
    </DataCollectors>
  </DataCollectionRunSettings>
</RunSettings>

TpTrace Verbose: 0 : 16504, 1, 2024/02/01, 22:19:38.147, 415663545521, vstest.console.dll, TestRunRequest.ExecuteAsync: Wait for the first run request is over.
TpTrace Verbose: 0 : 16504, 1, 2024/02/01, 22:19:38.147, 415663550214, vstest.console.dll, MulticastDelegateUtilities.SafeInvoke: TestRun.TestRunStart: Invoking callbacks was skipped because there are no subscribers.
TpTrace Verbose: 0 : 16504, 4, 2024/02/01, 22:19:38.148, 415663554265, vstest.console.dll, MulticastDelegateUtilities.SafeInvoke: InternalTestLoggerEvents.SendTestRunStart: Invoking callback 1/1 for Microsoft.VisualStudio.TestPlatform.CommandLine.Internal.ConsoleLogger., took 0 ms.
TpTrace Verbose: 0 : 16504, 1, 2024/02/01, 22:19:38.149, 415663570678, vstest.console.dll, ParallelProxyExecutionManager: Start execution. Total sources: 1
TpTrace Verbose: 0 : 16504, 1, 2024/02/01, 22:19:38.150, 415663576403, vstest.console.dll, ParallelOperationManager.StartWork: Starting adding 1 workloads.
TpTrace Verbose: 0 : 16504, 1, 2024/02/01, 22:19:38.150, 415663578569, vstest.console.dll, ParallelOperationManager.ClearSlots: Clearing all slots. Slots should accept more work: True
TpTrace Verbose: 0 : 16504, 1, 2024/02/01, 22:19:38.150, 415663580089, vstest.console.dll, ParallelOperationManager.SetOccupiedSlotCount: Setting slot counts AvailableSlotCount = 1, OccupiedSlotCount = 0.
TpTrace Verbose: 0 : 16504, 1, 2024/02/01, 22:19:38.150, 415663581225, vstest.console.dll, Occupied slots:

TpTrace Verbose: 0 : 16504, 1, 2024/02/01, 22:19:38.152, 415663601591, vstest.console.dll, TestRequestSender is acting as server.
TpTrace Verbose: 0 : 16504, 1, 2024/02/01, 22:19:38.154, 415663617726, vstest.console.dll, ParallelOperationManager.RunWorkInParallel: Adding 1 workload to slot, remaining workloads 0.
TpTrace Verbose: 0 : 16504, 1, 2024/02/01, 22:19:38.154, 415663618948, vstest.console.dll, ParallelOperationManager.SetOccupiedSlotCount: Setting slot counts AvailableSlotCount = 0, OccupiedSlotCount = 1.
TpTrace Verbose: 0 : 16504, 1, 2024/02/01, 22:19:38.154, 415663620919, vstest.console.dll, Occupied slots:
0: D:\GeekBrains\My Git\FinalAtestationGB\MyAtestation\TestProject1\bin\Debug\net7.0\fine-code-coverage\build-output\TestProject1.dll
TpTrace Verbose: 0 : 16504, 1, 2024/02/01, 22:19:38.156, 415663637751, vstest.console.dll, ParallelOperationManager.RunWorkInParallel: Started host in slot number 0 for work (source): D:\GeekBrains\My Git\FinalAtestationGB\MyAtestation\TestProject1\bin\Debug\net7.0\fine-code-coverage\build-output\TestProject1.dll.
TpTrace Verbose: 0 : 16504, 1, 2024/02/01, 22:19:38.157, 415663649362, vstest.console.dll, ParallelOperationManager.RunWorkInParallel: We started 1 work items, which is the max parallel level. Won't start more work.
TpTrace Verbose: 0 : 16504, 1, 2024/02/01, 22:19:38.157, 415663651027, vstest.console.dll, ParallelOperationManager.RunWorkInParallel: We started 1 work items in here, returning True.
TpTrace Verbose: 0 : 16504, 5, 2024/02/01, 22:19:38.157, 415663651116, vstest.console.dll, ParallelProxyExecutionManager.StartTestRunOnConcurrentManager: Initializing uninitialized client. Started clients: 0
TpTrace Information: 0 : 16504, 1, 2024/02/01, 22:19:38.157, 415663652689, vstest.console.dll, TestRunRequest.ExecuteAsync: Started.
TpTrace Verbose: 0 : 16504, 5, 2024/02/01, 22:19:38.158, 415663655541, vstest.console.dll, DataCollectionRequestSender.InitializeCommunication : Initialize communication. 
TpTrace Verbose: 0 : 16504, 1, 2024/02/01, 22:19:38.158, 415663655923, vstest.console.dll, TestRunRequest.WaitForCompletion: Waiting with timeout -1.
TpTrace Information: 0 : 16504, 5, 2024/02/01, 22:19:38.163, 415663710801, vstest.console.dll, Listening on Endpoint : 127.0.0.1:52498
TpTrace Verbose: 0 : 16504, 5, 2024/02/01, 22:19:38.172, 415663801239, vstest.console.dll, DotnetDataCollectionLauncher: Adding  --runtimeconfig "C:\Program Files\dotnet\sdk\7.0.401\datacollector.runtimeconfig.json" in args
TpTrace Verbose: 0 : 16504, 5, 2024/02/01, 22:19:38.172, 415663803461, vstest.console.dll, DotnetDataCollectionLauncher: Adding  --depsfile "C:\Program Files\dotnet\sdk\7.0.401\datacollector.deps.json" in args
TpTrace Verbose: 0 : 16504, 5, 2024/02/01, 22:19:38.173, 415663806264, vstest.console.dll, DotnetDataCollectionLauncher: Full path of dotnet.exe is C:\Program Files\dotnet\dotnet.exe
TpTrace Information: 0 : 16504, 5, 2024/02/01, 22:19:38.181, 415663889828, vstest.console.dll, ProxyDataCollectionManager.Initialize: Launched datacollector processId: 11820 port: 52498
TpTrace Information: 0 : 16504, 5, 2024/02/01, 22:19:38.182, 415663894788, vstest.console.dll, ProxyDataCollectionManager.Initialize: waiting for connection with timeout: 90 seconds
TpTrace Verbose: 0 : 16504, 5, 2024/02/01, 22:19:38.182, 415663897513, vstest.console.dll, DataCollectionRequestSender.WaitForRequestHandlerConnection : Waiting for connection with timeout: 90000
TpTrace Verbose: 0 : 16504, 5, 2024/02/01, 22:19:38.413, 415666211204, vstest.console.dll, SocketCommunicationManager.WaitForClientConnection took: 231 ms, with 90000 ms timeout, and finished with True.
TpTrace Information: 0 : 16504, 7, 2024/02/01, 22:19:38.413, 415666213556, vstest.console.dll, Using the buffer size of 16384 bytes
TpTrace Verbose: 0 : 16504, 5, 2024/02/01, 22:19:38.414, 415666215575, vstest.console.dll, ProxyDataCollectionManager.InvokeDataCollectionServiceAction: Starting.
TpTrace Information: 0 : 16504, 7, 2024/02/01, 22:19:38.414, 415666216599, vstest.console.dll, Accepted Client request and set the flag
TpTrace Information: 0 : 16504, 5, 2024/02/01, 22:19:38.414, 415666218846, vstest.console.dll, ProxyDataCollectionManager.BeforeTestRunStart: Get environment variable and port for datacollector processId: 11820 port: 52498
TpTrace Verbose: 0 : 16504, 5, 2024/02/01, 22:19:38.414, 415666223109, vstest.console.dll, DataCollectionRequestSender.SendBeforeTestRunStartAndGetResult: Send BeforeTestRunStart message with settingsXml <RunSettings><RunConfiguration><ResultsDirectory>D:\GeekBrains\My Git\FinalAtestationGB\MyAtestation\TestProject1\bin\Debug\net7.0\fine-code-coverage\coverage-tool-output</ResultsDirectory><TargetPlatform>X64</TargetPlatform><TargetFrameworkVersion>.NETCoreApp,Version=v7.0</TargetFrameworkVersion><DesignMode>False</DesignMode><CollectSourceInformation>False</CollectSourceInformation><TestAdaptersPaths>C:\Program Files\dotnet\sdk\7.0.401\Extensions</TestAdaptersPaths></RunConfiguration><LoggerRunSettings><Loggers><Logger friendlyName="blame" enabled="True" /><Logger friendlyName="Console" uri="logger://microsoft/TestPlatform/ConsoleLogger/v1" assemblyQualifiedName="Microsoft.VisualStudio.TestPlatform.CommandLine.Internal.ConsoleLogger, vstest.console, Version=15.0.0.0, Culture=neutral, PublicKeyToken=b03f5f7f11d50a3a" codeBase="C:\Program Files\dotnet\sdk\7.0.401\vstest.console.dll" enabled="True" /></Loggers></LoggerRunSettings><DataCollectionRunSettings><DataCollectors><DataCollector friendlyName="blame" enabled="True"><Configuration><ResultsDirectory>D:\GeekBrains\My Git\FinalAtestationGB\MyAtestation\TestProject1\bin\Debug\net7.0\fine-code-coverage\coverage-tool-output</ResultsDirectory></Configuration></DataCollector></DataCollectors></DataCollectionRunSettings></RunSettings> and sources System.Collections.Generic.List`1[System.String]: 
TpTrace Verbose: 0 : 16504, 5, 2024/02/01, 22:19:38.548, 415667555760, vstest.console.dll, DataCollectionRequestSender.SendBeforeTestRunStartAndGetResult: Received message: (DataCollection.SendMessage) -> {"MessageType":"DataCollection.SendMessage","Payload":{"FriendlyName":null,"Uri":null,"TestCaseId":"00000000-0000-0000-0000-000000000000","Message":"Logging DataCollector Diagnostics in file: D:\\GeekBrains\\My Git\\FinalAtestationGB\\MyAtestation\\TestProject1\\bin\\Debug\\net7.0\\fine-code-coverage\\coverage-tool-output\\diagnostics.datacollector.24-02-01_22-19-38_17241_5.log","Level":0}}
TpTrace Verbose: 0 : 16504, 5, 2024/02/01, 22:19:38.679, 415668873699, vstest.console.dll, DataCollectionRequestSender.SendBeforeTestRunStartAndGetResult: Received message: (DataCollection.BeforeTestRunStartResult) -> {"MessageType":"DataCollection.BeforeTestRunStartResult","Payload":{"EnvironmentVariables":{},"DataCollectionEventsPort":52500}}
TpTrace Information: 0 : 16504, 5, 2024/02/01, 22:19:38.688, 415668954517, vstest.console.dll, ProxyDataCollectionManager.BeforeTestRunStart: SendBeforeTestRunStartAndGetResult successful, env variable from datacollector:   and testhost port: 52500
TpTrace Information: 0 : 16504, 5, 2024/02/01, 22:19:38.688, 415668956909, vstest.console.dll, ProxyDataCollectionManager.InvokeDataCollectionServiceAction: Completed.
TpTrace Verbose: 0 : 16504, 5, 2024/02/01, 22:19:38.688, 415668958115, vstest.console.dll, ParallelProxyExecutionManager.StartTestRunOnConcurrentManager: Initializing test run. Started clients: 0
TpTrace Verbose: 0 : 16504, 5, 2024/02/01, 22:19:38.688, 415668960073, vstest.console.dll, ProxyExecutionManager: Test host is always Lazy initialize.
TpTrace Verbose: 0 : 16504, 5, 2024/02/01, 22:19:38.689, 415668965273, vstest.console.dll, TestRequestSender.InitializeCommunication: initialize communication. 
TpTrace Information: 0 : 16504, 5, 2024/02/01, 22:19:38.690, 415668973971, vstest.console.dll, SocketServer.Start: Listening on endpoint : 127.0.0.1:52501
TpTrace Verbose: 0 : 16504, 5, 2024/02/01, 22:19:38.692, 415668996840, vstest.console.dll, DotnetTestHostmanager.GetTestHostProcessStartInfo: Platform environment 'X64' target architecture 'X64' framework '.NETCoreApp,Version=v7.0' OS 'Windows'
TpTrace Verbose: 0 : 16504, 5, 2024/02/01, 22:19:38.692, 415669001245, vstest.console.dll, DotnetTestHostmanager: Adding  --runtimeconfig "D:\GeekBrains\My Git\FinalAtestationGB\MyAtestation\TestProject1\bin\Debug\net7.0\fine-code-coverage\build-output\TestProject1.runtimeconfig.json" in args
TpTrace Verbose: 0 : 16504, 5, 2024/02/01, 22:19:38.692, 415669002846, vstest.console.dll, DotnetTestHostmanager: Adding  --depsfile "D:\GeekBrains\My Git\FinalAtestationGB\MyAtestation\TestProject1\bin\Debug\net7.0\fine-code-coverage\build-output\TestProject1.deps.json" in args
TpTrace Verbose: 0 : 16504, 5, 2024/02/01, 22:19:38.693, 415669008330, vstest.console.dll, DotnetTestHostmanager.IsWinOnArm: Current PROCESSOR_ARCHITECTURE from environment variable 'AMD64'
TpTrace Verbose: 0 : 16504, 5, 2024/02/01, 22:19:38.693, 415669009780, vstest.console.dll, DotnetTestHostmanager.IsWinOnArm: Is Windows on ARM 'False'
TpTrace Verbose: 0 : 16504, 5, 2024/02/01, 22:19:38.693, 415669011222, vstest.console.dll, DotnetTestHostManager: testhost.exe found at path: D:\GeekBrains\My Git\FinalAtestationGB\MyAtestation\TestProject1\bin\Debug\net7.0\fine-code-coverage\build-output\testhost.exe
TpTrace Verbose: 0 : 16504, 5, 2024/02/01, 22:19:38.693, 415669012462, vstest.console.dll, DotnetTestHostmanager: Full path of host exe is D:\GeekBrains\My Git\FinalAtestationGB\MyAtestation\TestProject1\bin\Debug\net7.0\fine-code-coverage\build-output\testhost.exe
TpTrace Verbose: 0 : 16504, 5, 2024/02/01, 22:19:38.694, 415669015118, vstest.console.dll, DotnetTestHostmanager.LaunchTestHostAsync: Found 'VSTEST_WINAPPHOST_DOTNET_ROOT' in env variables, value 'C:\Program Files\dotnet', forwarding to 'DOTNET_ROOT'
TpTrace Verbose: 0 : 16504, 5, 2024/02/01, 22:19:38.694, 415669019512, vstest.console.dll, DotnetTestHostManager: Starting process 'D:\GeekBrains\My Git\FinalAtestationGB\MyAtestation\TestProject1\bin\Debug\net7.0\fine-code-coverage\build-output\testhost.exe' with command line ' --runtimeconfig "D:\GeekBrains\My Git\FinalAtestationGB\MyAtestation\TestProject1\bin\Debug\net7.0\fine-code-coverage\build-output\TestProject1.runtimeconfig.json" --depsfile "D:\GeekBrains\My Git\FinalAtestationGB\MyAtestation\TestProject1\bin\Debug\net7.0\fine-code-coverage\build-output\TestProject1.deps.json" --port 52501 --endpoint 127.0.0.1:052501 --role client --parentprocessid 16504 --diag "D:\GeekBrains\My Git\FinalAtestationGB\MyAtestation\TestProject1\bin\Debug\net7.0\fine-code-coverage\coverage-tool-output\diagnostics.host.24-02-01_22-19-38_69127_5.log" --tracelevel 4 --datacollectionport 52500 --telemetryoptedin false'
TpTrace Verbose: 0 : 16504, 5, 2024/02/01, 22:19:38.705, 415669125360, vstest.console.dll, MulticastDelegateUtilities.SafeInvoke: HostProviderEvents.OnHostLaunched: Invoking callback 1/2 for Microsoft.VisualStudio.TestPlatform.CrossPlatEngine.Client.ProxyExecutionManagerWithDataCollection., took 3 ms.
TpTrace Verbose: 0 : 16504, 5, 2024/02/01, 22:19:38.706, 415669134482, vstest.console.dll, Test Runtime launched
TpTrace Verbose: 0 : 16504, 5, 2024/02/01, 22:19:38.706, 415669137076, vstest.console.dll, MulticastDelegateUtilities.SafeInvoke: HostProviderEvents.OnHostLaunched: Invoking callback 2/2 for Microsoft.VisualStudio.TestPlatform.CrossPlatEngine.Client.ProxyOperationManager., took 0 ms.
TpTrace Verbose: 0 : 16504, 5, 2024/02/01, 22:19:38.706, 415669141160, vstest.console.dll, TestRequestSender.WaitForRequestHandlerConnection: waiting for connection with timeout: 90000.
TpTrace Verbose: 0 : 16504, 11, 2024/02/01, 22:19:38.996, 415672034338, vstest.console.dll, MulticastDelegateUtilities.SafeInvoke: SocketServer: ClientConnected: Invoking callback 1/1 for Microsoft.VisualStudio.TestPlatform.CommunicationUtilities.TestRequestSender., took 0 ms.
TpTrace Verbose: 0 : 16504, 5, 2024/02/01, 22:19:38.996, 415672034338, vstest.console.dll, TestRequestSender.WaitForRequestHandlerConnection: waiting took 289 ms, with timeout 90000 ms, and result 0, which is success.
TpTrace Verbose: 0 : 16504, 11, 2024/02/01, 22:19:38.996, 415672037529, vstest.console.dll, SocketServer.OnClientConnected: Client connected for endPoint: 127.0.0.1:52501, starting MessageLoopAsync:
TpTrace Verbose: 0 : 16504, 11, 2024/02/01, 22:19:38.997, 415672044407, vstest.console.dll, TcpClientExtensions.MessageLoopAsync: Polling on remoteEndPoint: 127.0.0.1:52502 localEndPoint: 127.0.0.1:52501
TpTrace Verbose: 0 : 16504, 5, 2024/02/01, 22:19:38.998, 415672063669, vstest.console.dll, TestRequestSender.CheckVersionWithTestHost: Sending check version message: {"MessageType":"ProtocolVersion","Payload":7}
TpTrace Verbose: 0 : 16504, 11, 2024/02/01, 22:19:39.183, 415673910849, vstest.console.dll, TcpClientExtensions.MessageLoopAsync: NotifyDataAvailable remoteEndPoint: 127.0.0.1:52502 localEndPoint: 127.0.0.1:52501
TpTrace Verbose: 0 : 16504, 11, 2024/02/01, 22:19:39.184, 415673915141, vstest.console.dll, TestRequestSender.CheckVersionWithTestHost: onMessageReceived received message: (ProtocolVersion) -> {"MessageType":"ProtocolVersion","Payload":7}
TpTrace Verbose: 0 : 16504, 11, 2024/02/01, 22:19:39.185, 415673926266, vstest.console.dll, MulticastDelegateUtilities.SafeInvoke: LengthPrefixCommunicationChannel: MessageReceived: Invoking callback 1/1 for Microsoft.VisualStudio.TestPlatform.CommunicationUtilities.TestRequestSender+<>c__DisplayClass29_0., took 1 ms.
TpTrace Verbose: 0 : 16504, 5, 2024/02/01, 22:19:39.185, 415673927725, vstest.console.dll, TestPluginCache.GetExtensionPaths: Filtered extension paths: 
TpTrace Verbose: 0 : 16504, 11, 2024/02/01, 22:19:39.185, 415673929219, vstest.console.dll, TcpClientExtensions.MessageLoopAsync: Polling on remoteEndPoint: 127.0.0.1:52502 localEndPoint: 127.0.0.1:52501
TpTrace Verbose: 0 : 16504, 5, 2024/02/01, 22:19:39.185, 415673930389, vstest.console.dll, TestPluginCache.GetExtensionPaths: Added default extension paths: C:\Program Files\dotnet\sdk\7.0.401\Extensions\Microsoft.Diagnostics.NETCore.Client.dll
C:\Program Files\dotnet\sdk\7.0.401\Extensions\Microsoft.TestPlatform.Extensions.BlameDataCollector.dll
C:\Program Files\dotnet\sdk\7.0.401\Extensions\Microsoft.TestPlatform.Extensions.EventLogCollector.dll
C:\Program Files\dotnet\sdk\7.0.401\Extensions\Microsoft.TestPlatform.TestHostRuntimeProvider.dll
C:\Program Files\dotnet\sdk\7.0.401\Extensions\Microsoft.VisualStudio.TestPlatform.Extensions.Html.TestLogger.dll
C:\Program Files\dotnet\sdk\7.0.401\Extensions\Microsoft.VisualStudio.TestPlatform.Extensions.Trx.TestLogger.dll
TpTrace Verbose: 0 : 16504, 5, 2024/02/01, 22:19:39.185, 415673933794, vstest.console.dll, TestPluginCache.GetExtensionPaths: Added unfilterableExtensionPaths: 
TpTrace Verbose: 0 : 16504, 5, 2024/02/01, 22:19:39.190, 415673980879, vstest.console.dll, TestRequestSender.InitializeExecution: Sending initialize execution with message: {"Version":7,"MessageType":"TestExecution.Initialize","Payload":["D:\\GeekBrains\\My Git\\FinalAtestationGB\\MyAtestation\\TestProject1\\bin\\Debug\\net7.0\\fine-code-coverage\\build-output\\NUnit3.TestAdapter.dll"]}
TpTrace Verbose: 0 : 16504, 5, 2024/02/01, 22:19:39.191, 415673985875, vstest.console.dll, ParallelProxyExecutionManager.StartTestRunOnConcurrentManager: Execution starting. Started clients: 1
TpTrace Verbose: 0 : 16504, 5, 2024/02/01, 22:19:39.191, 415673991350, vstest.console.dll, TestRunRequest:SendTestRunMessage: Starting.
TpTrace Verbose: 0 : 16504, 5, 2024/02/01, 22:19:39.192, 415673994780, vstest.console.dll, MulticastDelegateUtilities.SafeInvoke: TestRun.LogMessages: Invoking callback 1/1 for Microsoft.VisualStudio.TestPlatform.CommandLine.TestRunResultAggregator., took 0 ms.
TpTrace Information: 0 : 16504, 5, 2024/02/01, 22:19:39.192, 415673996661, vstest.console.dll, TestRunRequest:SendTestRunMessage: Completed.
TpTrace Verbose: 0 : 16504, 4, 2024/02/01, 22:19:39.192, 415673998105, vstest.console.dll, MulticastDelegateUtilities.SafeInvoke: InternalTestLoggerEvents.SendTestRunMessage: Invoking callback 1/1 for Microsoft.VisualStudio.TestPlatform.CommandLine.Internal.ConsoleLogger., took 0 ms.
TpTrace Warning: 0 : 16504, 5, 2024/02/01, 22:19:39.193, 415674005720, vstest.console.dll, InferRunSettingsHelper.MakeRunsettingsCompatible: Removing the following settings: TargetPlatform from RunSettings file. To use those settings please move to latest version of Microsoft.NET.Test.Sdk
TpTrace Verbose: 0 : 16504, 11, 2024/02/01, 22:19:39.193, 415674007883, vstest.console.dll, TcpClientExtensions.MessageLoopAsync: NotifyDataAvailable remoteEndPoint: 127.0.0.1:52502 localEndPoint: 127.0.0.1:52501
TpTrace Verbose: 0 : 16504, 11, 2024/02/01, 22:19:39.193, 415674011312, vstest.console.dll, LengthPrefixCommunicationChannel.NotifyDataAvailable: New data are waiting to be received, but there is no subscriber to be notified. Not reading them from the stream.
TpTrace Verbose: 0 : 16504, 11, 2024/02/01, 22:19:39.193, 415674013711, vstest.console.dll, TcpClientExtensions.MessageLoopAsync: Polling on remoteEndPoint: 127.0.0.1:52502 localEndPoint: 127.0.0.1:52501
TpTrace Verbose: 0 : 16504, 11, 2024/02/01, 22:19:39.194, 415674016297, vstest.console.dll, TcpClientExtensions.MessageLoopAsync: NotifyDataAvailable remoteEndPoint: 127.0.0.1:52502 localEndPoint: 127.0.0.1:52501
TpTrace Verbose: 0 : 16504, 11, 2024/02/01, 22:19:39.194, 415674020913, vstest.console.dll, TestRequestSender.OnExecutionMessageReceived: Received message: {"Version":7,"MessageType":"TestSession.Message","Payload":{"MessageLevel":0,"Message":"Logging TestHost Diagnostics in file: D:\\GeekBrains\\My Git\\FinalAtestationGB\\MyAtestation\\TestProject1\\bin\\Debug\\net7.0\\fine-code-coverage\\coverage-tool-output\\diagnostics.host.24-02-01_22-19-38_69127_5.log"}}
TpTrace Verbose: 0 : 16504, 11, 2024/02/01, 22:19:39.203, 415674110281, vstest.console.dll, TestRunRequest:SendTestRunMessage: Starting.
TpTrace Verbose: 0 : 16504, 11, 2024/02/01, 22:19:39.204, 415674116662, vstest.console.dll, MulticastDelegateUtilities.SafeInvoke: TestRun.LogMessages: Invoking callback 1/1 for Microsoft.VisualStudio.TestPlatform.CommandLine.TestRunResultAggregator., took 0 ms.
TpTrace Verbose: 0 : 16504, 4, 2024/02/01, 22:19:39.204, 415674116831, vstest.console.dll, MulticastDelegateUtilities.SafeInvoke: InternalTestLoggerEvents.SendTestRunMessage: Invoking callback 1/1 for Microsoft.VisualStudio.TestPlatform.CommandLine.Internal.ConsoleLogger., took 0 ms.
TpTrace Information: 0 : 16504, 11, 2024/02/01, 22:19:39.204, 415674118642, vstest.console.dll, TestRunRequest:SendTestRunMessage: Completed.
TpTrace Verbose: 0 : 16504, 11, 2024/02/01, 22:19:39.204, 415674122446, vstest.console.dll, MulticastDelegateUtilities.SafeInvoke: LengthPrefixCommunicationChannel: MessageReceived: Invoking callback 1/1 for Microsoft.VisualStudio.TestPlatform.CommunicationUtilities.TestRequestSender+<>c__DisplayClass34_0., took 10 ms.
TpTrace Verbose: 0 : 16504, 11, 2024/02/01, 22:19:39.205, 415674125012, vstest.console.dll, TcpClientExtensions.MessageLoopAsync: Polling on remoteEndPoint: 127.0.0.1:52502 localEndPoint: 127.0.0.1:52501
TpTrace Verbose: 0 : 16504, 5, 2024/02/01, 22:19:39.211, 415674189106, vstest.console.dll, TestRequestSender.StartTestRun: Sending test run with message: {"Version":7,"MessageType":"TestExecution.StartWithSources","Payload":{"AdapterSourceMap":{"_none_":["D:\\GeekBrains\\My Git\\FinalAtestationGB\\MyAtestation\\TestProject1\\bin\\Debug\\net7.0\\fine-code-coverage\\build-output\\TestProject1.dll"]},"RunSettings":"<RunSettings>\r\n  <RunConfiguration>\r\n    <ResultsDirectory>D:\\GeekBrains\\My Git\\FinalAtestationGB\\MyAtestation\\TestProject1\\bin\\Debug\\net7.0\\fine-code-coverage\\coverage-tool-output</ResultsDirectory>\r\n    <TargetFrameworkVersion>.NETCoreApp,Version=v7.0</TargetFrameworkVersion>\r\n    <DesignMode>False</DesignMode>\r\n    <CollectSourceInformation>False</CollectSourceInformation>\r\n  </RunConfiguration>\r\n  <LoggerRunSettings>\r\n    <Loggers>\r\n      <Logger friendlyName=\"blame\" enabled=\"True\" />\r\n      <Logger friendlyName=\"Console\" uri=\"logger://microsoft/TestPlatform/ConsoleLogger/v1\" assemblyQualifiedName=\"Microsoft.VisualStudio.TestPlatform.CommandLine.Internal.ConsoleLogger, vstest.console, Version=15.0.0.0, Culture=neutral, PublicKeyToken=b03f5f7f11d50a3a\" codeBase=\"C:\\Program Files\\dotnet\\sdk\\7.0.401\\vstest.console.dll\" enabled=\"True\" />\r\n    </Loggers>\r\n  </LoggerRunSettings>\r\n  <DataCollectionRunSettings>\r\n    <DataCollectors>\r\n      <DataCollector friendlyName=\"blame\" enabled=\"True\">\r\n        <Configuration>\r\n          <ResultsDirectory>D:\\GeekBrains\\My Git\\FinalAtestationGB\\MyAtestation\\TestProject1\\bin\\Debug\\net7.0\\fine-code-coverage\\coverage-tool-output</ResultsDirectory>\r\n        </Configuration>\r\n      </DataCollector>\r\n    </DataCollectors>\r\n  </DataCollectionRunSettings>\r\n</RunSettings>","TestExecutionContext":{"FrequencyOfRunStatsChangeEvent":10,"RunStatsChangeEventTimeout":"00:00:01.5000000","InIsolation":false,"KeepAlive":false,"AreTestCaseLevelEventsRequired":false,"IsDebug":false,"TestCaseFilter":null,"FilterOptions":null},"Package":null}}
TpTrace Verbose: 0 : 16504, 5, 2024/02/01, 22:19:39.212, 415674194230, vstest.console.dll, ParallelProxyExecutionManager.StartTestRunOnConcurrentManager: Execution started. Started clients: 1
TpTrace Verbose: 0 : 16504, 11, 2024/02/01, 22:19:39.474, 415676818931, vstest.console.dll, TcpClientExtensions.MessageLoopAsync: NotifyDataAvailable remoteEndPoint: 127.0.0.1:52502 localEndPoint: 127.0.0.1:52501
TpTrace Verbose: 0 : 16504, 11, 2024/02/01, 22:19:39.474, 415676822038, vstest.console.dll, TestRequestSender.OnExecutionMessageReceived: Received message: {"Version":7,"MessageType":"TestSession.Message","Payload":{"MessageLevel":0,"Message":"NUnit Adapter 4.4.0.0: Test execution started"}}
TpTrace Verbose: 0 : 16504, 11, 2024/02/01, 22:19:39.475, 415676830060, vstest.console.dll, TestRunRequest:SendTestRunMessage: Starting.
TpTrace Verbose: 0 : 16504, 11, 2024/02/01, 22:19:39.475, 415676832837, vstest.console.dll, MulticastDelegateUtilities.SafeInvoke: TestRun.LogMessages: Invoking callback 1/1 for Microsoft.VisualStudio.TestPlatform.CommandLine.TestRunResultAggregator., took 0 ms.
TpTrace Verbose: 0 : 16504, 4, 2024/02/01, 22:19:39.475, 415676832937, vstest.console.dll, MulticastDelegateUtilities.SafeInvoke: InternalTestLoggerEvents.SendTestRunMessage: Invoking callback 1/1 for Microsoft.VisualStudio.TestPlatform.CommandLine.Internal.ConsoleLogger., took 0 ms.
TpTrace Information: 0 : 16504, 11, 2024/02/01, 22:19:39.476, 415676834396, vstest.console.dll, TestRunRequest:SendTestRunMessage: Completed.
TpTrace Verbose: 0 : 16504, 11, 2024/02/01, 22:19:39.476, 415676837861, vstest.console.dll, MulticastDelegateUtilities.SafeInvoke: LengthPrefixCommunicationChannel: MessageReceived: Invoking callback 1/1 for Microsoft.VisualStudio.TestPlatform.CommunicationUtilities.TestRequestSender+<>c__DisplayClass34_0., took 1 ms.
TpTrace Verbose: 0 : 16504, 11, 2024/02/01, 22:19:39.476, 415676839475, vstest.console.dll, TcpClientExtensions.MessageLoopAsync: Polling on remoteEndPoint: 127.0.0.1:52502 localEndPoint: 127.0.0.1:52501
TpTrace Verbose: 0 : 16504, 11, 2024/02/01, 22:19:39.512, 415677202675, vstest.console.dll, TcpClientExtensions.MessageLoopAsync: NotifyDataAvailable remoteEndPoint: 127.0.0.1:52502 localEndPoint: 127.0.0.1:52501
TpTrace Verbose: 0 : 16504, 11, 2024/02/01, 22:19:39.513, 415677205718, vstest.console.dll, TestRequestSender.OnExecutionMessageReceived: Received message: {"Version":7,"MessageType":"TestSession.Message","Payload":{"MessageLevel":0,"Message":"Running all tests in D:\\GeekBrains\\My Git\\FinalAtestationGB\\MyAtestation\\TestProject1\\bin\\Debug\\net7.0\\fine-code-coverage\\build-output\\TestProject1.dll"}}
TpTrace Verbose: 0 : 16504, 11, 2024/02/01, 22:19:39.513, 415677208775, vstest.console.dll, TestRunRequest:SendTestRunMessage: Starting.
TpTrace Verbose: 0 : 16504, 11, 2024/02/01, 22:19:39.513, 415677210649, vstest.console.dll, MulticastDelegateUtilities.SafeInvoke: TestRun.LogMessages: Invoking callback 1/1 for Microsoft.VisualStudio.TestPlatform.CommandLine.TestRunResultAggregator., took 0 ms.
TpTrace Verbose: 0 : 16504, 4, 2024/02/01, 22:19:39.513, 415677210884, vstest.console.dll, MulticastDelegateUtilities.SafeInvoke: InternalTestLoggerEvents.SendTestRunMessage: Invoking callback 1/1 for Microsoft.VisualStudio.TestPlatform.CommandLine.Internal.ConsoleLogger., took 0 ms.
TpTrace Information: 0 : 16504, 11, 2024/02/01, 22:19:39.513, 415677212238, vstest.console.dll, TestRunRequest:SendTestRunMessage: Completed.
TpTrace Verbose: 0 : 16504, 11, 2024/02/01, 22:19:39.514, 415677214601, vstest.console.dll, MulticastDelegateUtilities.SafeInvoke: LengthPrefixCommunicationChannel: MessageReceived: Invoking callback 1/1 for Microsoft.VisualStudio.TestPlatform.CommunicationUtilities.TestRequestSender+<>c__DisplayClass34_0., took 0 ms.
TpTrace Verbose: 0 : 16504, 11, 2024/02/01, 22:19:39.514, 415677215658, vstest.console.dll, TcpClientExtensions.MessageLoopAsync: Polling on remoteEndPoint: 127.0.0.1:52502 localEndPoint: 127.0.0.1:52501
TpTrace Verbose: 0 : 16504, 11, 2024/02/01, 22:19:39.695, 415679033717, vstest.console.dll, TcpClientExtensions.MessageLoopAsync: NotifyDataAvailable remoteEndPoint: 127.0.0.1:52502 localEndPoint: 127.0.0.1:52501
TpTrace Verbose: 0 : 16504, 11, 2024/02/01, 22:19:39.696, 415679036701, vstest.console.dll, TestRequestSender.OnExecutionMessageReceived: Received message: {"Version":7,"MessageType":"TestSession.Message","Payload":{"MessageLevel":0,"Message":"   NUnit3TestExecutor discovered 4 of 4 NUnit test cases using Current Discovery mode, Non-Explicit run"}}
TpTrace Verbose: 0 : 16504, 11, 2024/02/01, 22:19:39.696, 415679039869, vstest.console.dll, TestRunRequest:SendTestRunMessage: Starting.
TpTrace Verbose: 0 : 16504, 11, 2024/02/01, 22:19:39.696, 415679041940, vstest.console.dll, MulticastDelegateUtilities.SafeInvoke: TestRun.LogMessages: Invoking callback 1/1 for Microsoft.VisualStudio.TestPlatform.CommandLine.TestRunResultAggregator., took 0 ms.
TpTrace Verbose: 0 : 16504, 4, 2024/02/01, 22:19:39.696, 415679042282, vstest.console.dll, MulticastDelegateUtilities.SafeInvoke: InternalTestLoggerEvents.SendTestRunMessage: Invoking callback 1/1 for Microsoft.VisualStudio.TestPlatform.CommandLine.Internal.ConsoleLogger., took 0 ms.
TpTrace Information: 0 : 16504, 11, 2024/02/01, 22:19:39.696, 415679043720, vstest.console.dll, TestRunRequest:SendTestRunMessage: Completed.
TpTrace Verbose: 0 : 16504, 11, 2024/02/01, 22:19:39.697, 415679047198, vstest.console.dll, MulticastDelegateUtilities.SafeInvoke: LengthPrefixCommunicationChannel: MessageReceived: Invoking callback 1/1 for Microsoft.VisualStudio.TestPlatform.CommunicationUtilities.TestRequestSender+<>c__DisplayClass34_0., took 1 ms.
TpTrace Verbose: 0 : 16504, 11, 2024/02/01, 22:19:39.697, 415679048877, vstest.console.dll, TcpClientExtensions.MessageLoopAsync: Polling on remoteEndPoint: 127.0.0.1:52502 localEndPoint: 127.0.0.1:52501
TpTrace Verbose: 0 : 16504, 11, 2024/02/01, 22:19:40.697, 415689052203, vstest.console.dll, TcpClientExtensions.MessageLoopAsync: Polling on remoteEndPoint: 127.0.0.1:52502 localEndPoint: 127.0.0.1:52501
TpTrace Verbose: 0 : 16504, 11, 2024/02/01, 22:19:40.870, 415690775036, vstest.console.dll, TcpClientExtensions.MessageLoopAsync: NotifyDataAvailable remoteEndPoint: 127.0.0.1:52502 localEndPoint: 127.0.0.1:52501
TpTrace Verbose: 0 : 16504, 11, 2024/02/01, 22:19:40.870, 415690778315, vstest.console.dll, TestRequestSender.OnExecutionMessageReceived: Received message: {"Version":7,"MessageType":"TestExecution.StatsChange","Payload":{"NewTestResults":[{"TestCase":{"Id":"db982ac8-bc18-6a26-a871-a077ae97942d","FullyQualifiedName":"TestProject1.Tests.AddUser_Ok","DisplayName":"AddUser_Ok","ExecutorUri":"executor://NUnit3TestExecutor","Source":"D:\\GeekBrains\\My Git\\FinalAtestationGB\\MyAtestation\\TestProject1\\bin\\Debug\\net7.0\\fine-code-coverage\\build-output\\TestProject1.dll","CodeFilePath":null,"LineNumber":0,"Properties":[{"Key":{"Id":"NUnit.Seed","Label":"Seed","Category":"","Description":"","Attributes":0,"ValueType":"System.String"},"Value":"203214140"}]},"Attachments":[],"Outcome":2,"ErrorMessage":"System.NullReferenceException : Object reference not set to an instance of an object.","ErrorStackTrace":"   at TestProject1.Tests.AddUser_Ok() in D:\\GeekBrains\\My Git\\FinalAtestationGB\\MyAtestation\\TestProject1\\UnitTest1.cs:line 81\r\n   at System.RuntimeMethodHandle.InvokeMethod(Object target, Void** arguments, Signature sig, Boolean isConstructor)\r\n   at System.Reflection.MethodInvoker.Invoke(Object obj, IntPtr* args, BindingFlags invokeAttr)\n","DisplayName":"AddUser_Ok","Messages":[],"ComputerName":"DESKTOP-IFVARIJ","Duration":"00:00:00.1289660","StartTime":"2024-02-01T19:19:39.7439443+00:00","EndTime":"2024-02-01T19:19:39.8727558+00:00","Properties":[{"Key":{"Id":"NUnit.Seed","Label":"Seed","Category":"","Description":"","Attributes":0,"ValueType":"System.String"},"Value":"203214140"}]}],"TestRunStatistics":{"ExecutedTests":1,"Stats":{"Failed":1}},"ActiveTests":[{"Id":"80d004aa-c602-37bc-4ae2-c6606f990c76","FullyQualifiedName":"TestProject1.Tests.GetAllMessages_NoMessages_NoUser","DisplayName":"GetAllMessages_NoMessages_NoUser","ExecutorUri":"executor://NUnit3TestExecutor","Source":"D:\\GeekBrains\\My Git\\FinalAtestationGB\\MyAtestation\\TestProject1\\bin\\Debug\\net7.0\\fine-code-coverage\\build-output\\TestProject1.dll","CodeFilePath":null,"LineNumber":0,"Properties":[{"Key":{"Id":"NUnit.Seed","Label":"Seed","Category":"","Description":"","Attributes":0,"ValueType":"System.String"},"Value":"878640512"}]}]}}
TpTrace Verbose: 0 : 16504, 11, 2024/02/01, 22:19:40.917, 415691250279, vstest.console.dll, TestRunRequest:SendTestRunStatsChange: Starting.
TpTrace Verbose: 0 : 16504, 11, 2024/02/01, 22:19:40.918, 415691255675, vstest.console.dll, InProgress is GetAllMessages_NoMessages_NoUser
TpTrace Verbose: 0 : 16504, 11, 2024/02/01, 22:19:40.918, 415691262523, vstest.console.dll, MulticastDelegateUtilities.SafeInvoke: TestRun.RunStatsChanged: Invoking callbacks was skipped because there are no subscribers.
TpTrace Information: 0 : 16504, 11, 2024/02/01, 22:19:40.919, 415691264146, vstest.console.dll, TestRunRequest:SendTestRunStatsChange: Completed.
TpTrace Verbose: 0 : 16504, 11, 2024/02/01, 22:19:40.919, 415691265677, vstest.console.dll, MulticastDelegateUtilities.SafeInvoke: LengthPrefixCommunicationChannel: MessageReceived: Invoking callback 1/1 for Microsoft.VisualStudio.TestPlatform.CommunicationUtilities.TestRequestSender+<>c__DisplayClass34_0., took 48 ms.
TpTrace Verbose: 0 : 16504, 11, 2024/02/01, 22:19:40.919, 415691268031, vstest.console.dll, TcpClientExtensions.MessageLoopAsync: Polling on remoteEndPoint: 127.0.0.1:52502 localEndPoint: 127.0.0.1:52501
TpTrace Verbose: 0 : 16504, 4, 2024/02/01, 22:19:40.923, 415691311628, vstest.console.dll, MulticastDelegateUtilities.SafeInvoke: InternalTestLoggerEvents.SendTestResult: Invoking callback 1/1 for Microsoft.VisualStudio.TestPlatform.CommandLine.Internal.ConsoleLogger., took 4 ms.
TpTrace Verbose: 0 : 16504, 11, 2024/02/01, 22:19:41.605, 415698124155, vstest.console.dll, TcpClientExtensions.MessageLoopAsync: NotifyDataAvailable remoteEndPoint: 127.0.0.1:52502 localEndPoint: 127.0.0.1:52501
TpTrace Verbose: 0 : 16504, 11, 2024/02/01, 22:19:41.605, 415698126707, vstest.console.dll, TestRequestSender.OnExecutionMessageReceived: Received message: {"Version":7,"MessageType":"TestSession.Message","Payload":{"MessageLevel":0,"Message":"NUnit Adapter 4.4.0.0: Test execution complete"}}
TpTrace Verbose: 0 : 16504, 11, 2024/02/01, 22:19:41.605, 415698129013, vstest.console.dll, TestRunRequest:SendTestRunMessage: Starting.
TpTrace Verbose: 0 : 16504, 11, 2024/02/01, 22:19:41.605, 415698130467, vstest.console.dll, MulticastDelegateUtilities.SafeInvoke: TestRun.LogMessages: Invoking callback 1/1 for Microsoft.VisualStudio.TestPlatform.CommandLine.TestRunResultAggregator., took 0 ms.
TpTrace Verbose: 0 : 16504, 4, 2024/02/01, 22:19:41.605, 415698130695, vstest.console.dll, MulticastDelegateUtilities.SafeInvoke: InternalTestLoggerEvents.SendTestRunMessage: Invoking callback 1/1 for Microsoft.VisualStudio.TestPlatform.CommandLine.Internal.ConsoleLogger., took 0 ms.
TpTrace Information: 0 : 16504, 11, 2024/02/01, 22:19:41.605, 415698132069, vstest.console.dll, TestRunRequest:SendTestRunMessage: Completed.
TpTrace Verbose: 0 : 16504, 11, 2024/02/01, 22:19:41.606, 415698134486, vstest.console.dll, MulticastDelegateUtilities.SafeInvoke: LengthPrefixCommunicationChannel: MessageReceived: Invoking callback 1/1 for Microsoft.VisualStudio.TestPlatform.CommunicationUtilities.TestRequestSender+<>c__DisplayClass34_0., took 0 ms.
TpTrace Verbose: 0 : 16504, 11, 2024/02/01, 22:19:41.606, 415698135542, vstest.console.dll, TcpClientExtensions.MessageLoopAsync: Polling on remoteEndPoint: 127.0.0.1:52502 localEndPoint: 127.0.0.1:52501
TpTrace Verbose: 0 : 16504, 11, 2024/02/01, 22:19:41.640, 415698474140, vstest.console.dll, TcpClientExtensions.MessageLoopAsync: NotifyDataAvailable remoteEndPoint: 127.0.0.1:52502 localEndPoint: 127.0.0.1:52501
TpTrace Verbose: 0 : 16504, 11, 2024/02/01, 22:19:41.640, 415698477340, vstest.console.dll, TestRequestSender.OnExecutionMessageReceived: Received message: {"Version":7,"MessageType":"TestExecution.Completed","Payload":{"TestRunCompleteArgs":{"TestRunStatistics":{"ExecutedTests":4,"Stats":{"Failed":1,"Passed":3}},"IsCanceled":false,"IsAborted":false,"Error":null,"AttachmentSets":[],"InvokedDataCollectors":[],"ElapsedTimeInRunningTests":"00:00:02.1811043","Metrics":{},"DiscoveredExtensions":{"TestDiscoverers":["NUnit.VisualStudio.TestAdapter.NUnit3TestDiscoverer, NUnit3.TestAdapter, Version=4.4.0.0, Culture=neutral, PublicKeyToken=4cb40d35494691ac"],"TestExecutors":["executor://NUnit3TestExecutor"],"TestExecutors2":[],"TestSettingsProviders":[]}},"LastRunTests":{"NewTestResults":[{"TestCase":{"Id":"80d004aa-c602-37bc-4ae2-c6606f990c76","FullyQualifiedName":"TestProject1.Tests.GetAllMessages_NoMessages_NoUser","DisplayName":"GetAllMessages_NoMessages_NoUser","ExecutorUri":"executor://NUnit3TestExecutor","Source":"D:\\GeekBrains\\My Git\\FinalAtestationGB\\MyAtestation\\TestProject1\\bin\\Debug\\net7.0\\fine-code-coverage\\build-output\\TestProject1.dll","CodeFilePath":null,"LineNumber":0,"Properties":[{"Key":{"Id":"NUnit.Seed","Label":"Seed","Category":"","Description":"","Attributes":0,"ValueType":"System.String"},"Value":"878640512"}]},"Attachments":[],"Outcome":1,"ErrorMessage":null,"ErrorStackTrace":null,"DisplayName":"GetAllMessages_NoMessages_NoUser","Messages":[],"ComputerName":"DESKTOP-IFVARIJ","Duration":"00:00:01.4378100","StartTime":"2024-02-01T19:19:39.8769582+00:00","EndTime":"2024-02-01T19:19:41.3147686+00:00","Properties":[{"Key":{"Id":"NUnit.Seed","Label":"Seed","Category":"","Description":"","Attributes":0,"ValueType":"System.String"},"Value":"878640512"}]},{"TestCase":{"Id":"b1a1b3de-1bce-a645-9fab-0eb6c8bc9033","FullyQualifiedName":"TestProject1.Tests.GetAllMessages_Ok","DisplayName":"GetAllMessages_Ok","ExecutorUri":"executor://NUnit3TestExecutor","Source":"D:\\GeekBrains\\My Git\\FinalAtestationGB\\MyAtestation\\TestProject1\\bin\\Debug\\net7.0\\fine-code-coverage\\build-output\\TestProject1.dll","CodeFilePath":null,"LineNumber":0,"Properties":[{"Key":{"Id":"NUnit.Seed","Label":"Seed","Category":"","Description":"","Attributes":0,"ValueType":"System.String"},"Value":"637934122"}]},"Attachments":[],"Outcome":1,"ErrorMessage":null,"ErrorStackTrace":null,"DisplayName":"GetAllMessages_Ok","Messages":[],"ComputerName":"DESKTOP-IFVARIJ","Duration":"00:00:00.0369130","StartTime":"2024-02-01T19:19:41.3148811+00:00","EndTime":"2024-02-01T19:19:41.3517938+00:00","Properties":[{"Key":{"Id":"NUnit.Seed","Label":"Seed","Category":"","Description":"","Attributes":0,"ValueType":"System.String"},"Value":"637934122"}]},{"TestCase":{"Id":"94084699-c891-2e25-9160-b4247fcce810","FullyQualifiedName":"TestProject1.Tests.SendMessageMethod_Ok_Ok","DisplayName":"SendMessageMethod_Ok_Ok","ExecutorUri":"executor://NUnit3TestExecutor","Source":"D:\\GeekBrains\\My Git\\FinalAtestationGB\\MyAtestation\\TestProject1\\bin\\Debug\\net7.0\\fine-code-coverage\\build-output\\TestProject1.dll","CodeFilePath":null,"LineNumber":0,"Properties":[{"Key":{"Id":"NUnit.Seed","Label":"Seed","Category":"","Description":"","Attributes":0,"ValueType":"System.String"},"Value":"30822266"}]},"Attachments":[],"Outcome":1,"ErrorMessage":null,"ErrorStackTrace":null,"DisplayName":"SendMessageMethod_Ok_Ok","Messages":[],"ComputerName":"DESKTOP-IFVARIJ","Duration":"00:00:00.2420910","StartTime":"2024-02-01T19:19:41.3519009+00:00","EndTime":"2024-02-01T19:19:41.5939912+00:00","Properties":[{"Key":{"Id":"NUnit.Seed","Label":"Seed","Category":"","Description":"","Attributes":0,"ValueType":"System.String"},"Value":"30822266"}]}],"TestRunStatistics":{"ExecutedTests":4,"Stats":{"Failed":1,"Passed":3}},"ActiveTests":[]},"RunAttachments":[],"ExecutorUris":["executor://nunit3testexecutor/"]}}
TpTrace Verbose: 0 : 16504, 11, 2024/02/01, 22:19:41.640, 415698479964, vstest.console.dll, TestRequestSender.EndSession: Sending end session.
TpTrace Verbose: 0 : 16504, 11, 2024/02/01, 22:19:41.640, 415698483567, vstest.console.dll, ProxyOperationManager.Close: waiting for test host to exit for 100 ms
TpTrace Verbose: 0 : 16504, 7, 2024/02/01, 22:19:41.695, 415699030067, vstest.console.dll, TestHostManagerCallbacks.ctor: Experimental forwarding output is disabled.
TpTrace Warning: 0 : 16504, 7, 2024/02/01, 22:19:41.695, 415699032792, vstest.console.dll, TestHostManagerCallbacks.ErrorReceivedCallback Test host standard error line: 
TpTrace Verbose: 0 : 16504, 7, 2024/02/01, 22:19:41.716, 415699234331, vstest.console.dll, TestHostProvider.ExitCallBack: Host exited starting callback.
TpTrace Information: 0 : 16504, 7, 2024/02/01, 22:19:41.716, 415699238294, vstest.console.dll, TestHostManagerCallbacks.ExitCallBack: Testhost processId: 9512 exited with exitcode: 0 error: ''
TpTrace Verbose: 0 : 16504, 7, 2024/02/01, 22:19:41.716, 415699239395, vstest.console.dll, DotnetTestHostManager.OnHostExited: invoking OnHostExited callback
TpTrace Verbose: 0 : 16504, 7, 2024/02/01, 22:19:41.716, 415699240662, vstest.console.dll, CrossPlatEngine.TestHostManagerHostExited: calling on client process exit callback.
TpTrace Information: 0 : 16504, 7, 2024/02/01, 22:19:41.716, 415699242237, vstest.console.dll, TestRequestSender.OnClientProcessExit: Test host process exited. Standard error: 
TpTrace Information: 0 : 16504, 11, 2024/02/01, 22:19:41.716, 415699243857, vstest.console.dll, SocketServer.Stop: Stop server endPoint: 127.0.0.1:52501
TpTrace Information: 0 : 16504, 7, 2024/02/01, 22:19:41.717, 415699246487, vstest.console.dll, SocketServer.Stop: Stop server endPoint: 127.0.0.1:52501
TpTrace Information: 0 : 16504, 11, 2024/02/01, 22:19:41.717, 415699247408, vstest.console.dll, SocketServer.Stop: Cancellation requested. Stopping message loop.
TpTrace Information: 0 : 16504, 7, 2024/02/01, 22:19:41.717, 415699248881, vstest.console.dll, SocketServer.Stop: Cancellation requested. Stopping message loop.
TpTrace Information: 0 : 16504, 11, 2024/02/01, 22:19:41.717, 415699251393, vstest.console.dll, Closing the connection
TpTrace Verbose: 0 : 16504, 7, 2024/02/01, 22:19:41.717, 415699251778, vstest.console.dll, MulticastDelegateUtilities.SafeInvoke: HostProviderEvents.OnHostExited: Invoking callback 1/1 for Microsoft.VisualStudio.TestPlatform.CrossPlatEngine.Client.ProxyOperationManager., took 1 ms.
TpTrace Verbose: 0 : 16504, 11, 2024/02/01, 22:19:41.718, 415699257025, vstest.console.dll, ProxyDataCollectionManager.InvokeDataCollectionServiceAction: Starting.
TpTrace Information: 0 : 16504, 11, 2024/02/01, 22:19:41.718, 415699258550, vstest.console.dll, ProxyDataCollectionManager.AfterTestRunEnd: Get attachment set and invoked data collectors processId: 11820 port: 52498
TpTrace Verbose: 0 : 16504, 11, 2024/02/01, 22:19:41.718, 415699260281, vstest.console.dll, DataCollectionRequestSender.SendAfterTestRunStartAndGetResult: Send AfterTestRunEnd message with isCancelled: False
TpTrace Verbose: 0 : 16504, 11, 2024/02/01, 22:19:41.729, 415699364011, vstest.console.dll, DataCollectionRequestSender.SendAfterTestRunStartAndGetResult: Received message: (DataCollection.AfterTestRunEndResult) -> {"MessageType":"DataCollection.AfterTestRunEndResult","Payload":{"AttachmentSets":[],"InvokedDataCollectors":[{"Uri":"datacollector://Microsoft/TestPlatform/Extensions/Blame/v1","FriendlyName":"Blame","AssemblyQualifiedName":"Microsoft.TestPlatform.Extensions.BlameDataCollector.BlameCollector, Microsoft.TestPlatform.Extensions.BlameDataCollector, Version=15.0.0.0, Culture=neutral, PublicKeyToken=b03f5f7f11d50a3a","FilePath":"C:\\Program Files\\dotnet\\sdk\\7.0.401\\Extensions\\Microsoft.TestPlatform.Extensions.BlameDataCollector.dll","HasAttachmentProcessor":false}],"Metrics":{}}}
TpTrace Information: 0 : 16504, 11, 2024/02/01, 22:19:41.739, 415699464534, vstest.console.dll, ProxyDataCollectionManager.InvokeDataCollectionServiceAction: Completed.
TpTrace Warning: 0 : 16504, 10, 2024/02/01, 22:19:41.755, 415699631029, vstest.console.dll, DataCollectionLauncher.ErrorReceivedCallback datacollector standard error line: 
TpTrace Information: 0 : 16504, 10, 2024/02/01, 22:19:41.769, 415699767317, vstest.console.dll, DataCollectionLauncher.ExitCallBack: Data collector exited with exitcode: 0 error: ''
TpTrace Verbose: 0 : 16504, 11, 2024/02/01, 22:19:41.834, 415700418097, vstest.console.dll, TestRunRequest:SendTestRunStatsChange: Starting.
TpTrace Verbose: 0 : 16504, 11, 2024/02/01, 22:19:41.834, 415700422172, vstest.console.dll, MulticastDelegateUtilities.SafeInvoke: TestRun.RunStatsChanged: Invoking callbacks was skipped because there are no subscribers.
TpTrace Verbose: 0 : 16504, 4, 2024/02/01, 22:19:41.834, 415700423745, vstest.console.dll, MulticastDelegateUtilities.SafeInvoke: InternalTestLoggerEvents.SendTestResult: Invoking callback 1/1 for Microsoft.VisualStudio.TestPlatform.CommandLine.Internal.ConsoleLogger., took 0 ms.
TpTrace Information: 0 : 16504, 11, 2024/02/01, 22:19:41.834, 415700423798, vstest.console.dll, TestRunRequest:SendTestRunStatsChange: Completed.
TpTrace Verbose: 0 : 16504, 4, 2024/02/01, 22:19:41.835, 415700428050, vstest.console.dll, MulticastDelegateUtilities.SafeInvoke: InternalTestLoggerEvents.SendTestResult: Invoking callback 1/1 for Microsoft.VisualStudio.TestPlatform.CommandLine.Internal.ConsoleLogger., took 0 ms.
TpTrace Verbose: 0 : 16504, 4, 2024/02/01, 22:19:41.835, 415700430415, vstest.console.dll, MulticastDelegateUtilities.SafeInvoke: InternalTestLoggerEvents.SendTestResult: Invoking callback 1/1 for Microsoft.VisualStudio.TestPlatform.CommandLine.Internal.ConsoleLogger., took 0 ms.
TpTrace Verbose: 0 : 16504, 11, 2024/02/01, 22:19:41.836, 415700440735, vstest.console.dll, ParallelProxyExecutionManager: HandlePartialRunComplete: Total workloads = 1, Total started clients = 1 Total completed clients = 1, Run complete = True, Run canceled: False.
TpTrace Verbose: 0 : 16504, 11, 2024/02/01, 22:19:41.836, 415700441856, vstest.console.dll, ParallelProxyExecutionManager: HandlePartialRunComplete: All runs completed stopping all managers.
TpTrace Verbose: 0 : 16504, 11, 2024/02/01, 22:19:41.836, 415700443215, vstest.console.dll, ParallelOperationManager.StopAllManagers: Stopping all managers.
TpTrace Verbose: 0 : 16504, 11, 2024/02/01, 22:19:41.837, 415700444245, vstest.console.dll, ParallelOperationManager.ClearSlots: Clearing all slots. Slots should accept more work: False
TpTrace Verbose: 0 : 16504, 11, 2024/02/01, 22:19:41.837, 415700445439, vstest.console.dll, ParallelOperationManager.SetOccupiedSlotCount: Setting slot counts AvailableSlotCount = 1, OccupiedSlotCount = 0.
TpTrace Verbose: 0 : 16504, 11, 2024/02/01, 22:19:41.837, 415700446781, vstest.console.dll, Occupied slots:

TpTrace Verbose: 0 : 16504, 4, 2024/02/01, 22:19:41.852, 415700599800, vstest.console.dll, MulticastDelegateUtilities.SafeInvoke: InternalTestLoggerEvents.SendTestRunComplete: Invoking callback 1/2 for Microsoft.TestPlatform.Extensions.BlameDataCollector.BlameLogger., took 0 ms.
TpTrace Verbose: 0 : 16504, 4, 2024/02/01, 22:19:41.863, 415700704711, vstest.console.dll, MulticastDelegateUtilities.SafeInvoke: InternalTestLoggerEvents.SendTestRunComplete: Invoking callback 2/2 for Microsoft.VisualStudio.TestPlatform.CommandLine.Internal.ConsoleLogger., took 10 ms.
TpTrace Verbose: 0 : 16504, 11, 2024/02/01, 22:19:41.863, 415700712268, vstest.console.dll, TestRunRequest:TestRunComplete: Starting. IsAborted:False IsCanceled:False.
TpTrace Verbose: 0 : 16504, 11, 2024/02/01, 22:19:41.864, 415700716493, vstest.console.dll, ParallelOperationManager.DoActionOnAllManagers: Calling an action on all managers.
TpTrace Verbose: 0 : 16504, 11, 2024/02/01, 22:19:41.867, 415700747311, vstest.console.dll, TestLoggerManager.HandleTestRunComplete: Ignoring as the object is disposed.
TpTrace Verbose: 0 : 16504, 11, 2024/02/01, 22:19:41.868, 415700754607, vstest.console.dll, MulticastDelegateUtilities.SafeInvoke: TestRun.TestRunComplete: Invoking callback 1/2 for Microsoft.VisualStudio.TestPlatform.CommandLine.TestRunResultAggregator., took 0 ms.
TpTrace Verbose: 0 : 16504, 11, 2024/02/01, 22:19:41.868, 415700759023, vstest.console.dll, MulticastDelegateUtilities.SafeInvoke: TestRun.TestRunComplete: Invoking callback 2/2 for Microsoft.VisualStudio.TestPlatform.CommandLine.Processors.RunTestsArgumentExecutor+TestRunRequestEventsRegistrar., took 0 ms.
TpTrace Information: 0 : 16504, 11, 2024/02/01, 22:19:41.868, 415700762610, vstest.console.dll, TestRunRequest:TestRunComplete: Completed.
TpTrace Verbose: 0 : 16504, 1, 2024/02/01, 22:19:41.868, 415700763044, vstest.console.dll, TestRunRequest.Dispose: Starting.
TpTrace Verbose: 0 : 16504, 11, 2024/02/01, 22:19:41.869, 415700764153, vstest.console.dll, TestRequestSender.SetOperationComplete: Setting operation complete.
TpTrace Information: 0 : 16504, 1, 2024/02/01, 22:19:41.869, 415700765566, vstest.console.dll, TestRunRequest.Dispose: Completed.
TpTrace Information: 0 : 16504, 11, 2024/02/01, 22:19:41.869, 415700766580, vstest.console.dll, SocketServer.Stop: Stop server endPoint: 127.0.0.1:52501
TpTrace Information: 0 : 16504, 1, 2024/02/01, 22:19:41.869, 415700768006, vstest.console.dll, TestRequestManager.RunTests: run tests completed.
TpTrace Information: 0 : 16504, 11, 2024/02/01, 22:19:41.869, 415700768959, vstest.console.dll, SocketServer.Stop: Cancellation requested. Stopping message loop.
TpTrace Verbose: 0 : 16504, 11, 2024/02/01, 22:19:41.869, 415700771755, vstest.console.dll, MulticastDelegateUtilities.SafeInvoke: LengthPrefixCommunicationChannel: MessageReceived: Invoking callback 1/1 for Microsoft.VisualStudio.TestPlatform.CommunicationUtilities.TestRequestSender+<>c__DisplayClass34_0., took 229 ms.
TpTrace Information: 0 : 16504, 1, 2024/02/01, 22:19:41.869, 415700772763, vstest.console.dll, RunTestsArgumentProcessor:Execute: Test run is completed.
TpTrace Information: 0 : 16504, 11, 2024/02/01, 22:19:41.870, 415700773884, vstest.console.dll, SocketServer.PrivateStop: Stopping server endPoint: 127.0.0.1:52501 error: 
TpTrace Verbose: 0 : 16504, 1, 2024/02/01, 22:19:41.870, 415700778652, vstest.console.dll, Executor.Execute: Exiting with exit code of 1
TpTrace Verbose: 0 : 16504, 11, 2024/02/01, 22:19:41.870, 415700782348, vstest.console.dll, LengthPrefixCommunicationChannel.Dispose: Dispose reader and writer.
TpTrace Information: 0 : 16504, 11, 2024/02/01, 22:19:41.871, 415700784497, vstest.console.dll, SocketServer.Stop: Raise disconnected event endPoint: 127.0.0.1:52501 error: 
TpTrace Verbose: 0 : 16504, 11, 2024/02/01, 22:19:41.871, 415700788687, vstest.console.dll, TestRequestSender: OnTestRunAbort: Operation is already complete. Skip error message.
